#
# There is insufficient memory for the Java Runtime Environment to continue.
# Native memory allocation (mmap) failed to map 40894464 bytes for G1 virtual space
# Possible reasons:
#   The system is out of physical RAM or swap space
#   The process is running with CompressedOops enabled, and the Java Heap may be blocking the growth of the native heap
# Possible solutions:
#   Reduce memory load on the system
#   Increase physical memory or swap space
#   Check if swap backing store is full
#   Decrease Java heap size (-Xmx/-Xms)
#   Decrease number of Java threads
#   Decrease Java thread stack sizes (-Xss)
#   Set larger code cache with -XX:ReservedCodeCacheSize=
#   JVM is running with Unscaled Compressed Oops mode in which the Java heap is
#     placed in the first 4GB address space. The Java Heap base address is the
#     maximum limit for the native heap growth. Please use -XX:HeapBaseMinAddress
#     to set the Java Heap base and to place the Java Heap above 4GB virtual address.
# This output file may be truncated or incomplete.
#
#  Out of Memory Error (os_windows.cpp:3532), pid=1452, tid=15060
#
# JRE version: OpenJDK Runtime Environment Temurin-17.0.2+8 (17.0.2+8) (build 17.0.2+8)
# Java VM: OpenJDK 64-Bit Server VM Temurin-17.0.2+8 (17.0.2+8, mixed mode, emulated-client, tiered, compressed oops, compressed class ptrs, g1 gc, windows-amd64)
# No core dump will be written. Minidumps are not enabled by default on client versions of Windows
#

---------------  S U M M A R Y ------------

Command Line: -Dcom.sun.management.jmxremote -Dcom.sun.management.jmxremote.port=51234 -Dcom.sun.management.jmxremote.authenticate=false -Dcom.sun.management.jmxremote.ssl=false -Djava.rmi.server.hostname=localhost -Dspring.jmx.enabled=true -Dspring.application.admin.enabled=true -XX:TieredStopAtLevel=1 -Dspring.boot.project.name=JobMicroservice -Dfile.encoding=UTF-8 -XX:+ShowCodeDetailsInExceptionMessages com.ranjith.JobMicroserviceApplication --spring.output.ansi.enabled=always

Host: Intel(R) Core(TM) i5-8265U CPU @ 1.60GHz, 8 cores, 3G,  Windows 11 , 64 bit Build 22621 (10.0.22621.2506)
Time: Fri Feb 16 21:06:06 2024 India Standard Time elapsed time: 23.094580 seconds (0d 0h 0m 23s)

---------------  T H R E A D  ---------------

Current thread (0x00000227a6a00d70):  VMThread "VM Thread" [stack: 0x000000c84a100000,0x000000c84a200000] [id=15060]

Stack: [0x000000c84a100000,0x000000c84a200000]
Native frames: (J=compiled Java code, j=interpreted, Vv=VM code, C=native code)
V  [jvm.dll+0x67564a]
V  [jvm.dll+0x82fc04]
V  [jvm.dll+0x8313ae]
V  [jvm.dll+0x831a13]
V  [jvm.dll+0x245235]
V  [jvm.dll+0x672539]
V  [jvm.dll+0x666e82]
V  [jvm.dll+0x30401b]
V  [jvm.dll+0x30b566]
V  [jvm.dll+0x35b1fe]
V  [jvm.dll+0x35b42f]
V  [jvm.dll+0x2daf58]
V  [jvm.dll+0x2ddfe6]
V  [jvm.dll+0x2e8698]
V  [jvm.dll+0x31c830]
V  [jvm.dll+0x835ebb]
V  [jvm.dll+0x836bf4]
V  [jvm.dll+0x83710c]
V  [jvm.dll+0x8374e4]
V  [jvm.dll+0x8375b0]
V  [jvm.dll+0x7dff2a]
V  [jvm.dll+0x6744d5]
C  [ucrtbase.dll+0x29363]
C  [KERNEL32.DLL+0x1257d]
C  [ntdll.dll+0x5aa58]

VM_Operation (0x000000c849dff4d0): G1Concurrent, mode: safepoint, requested by thread 0x000002279b2674b0


---------------  P R O C E S S  ---------------

Threads class SMR info:
_java_thread_list=0x00000227ae9bc910, length=41, elements={
0x000002279b22c980, 0x00000227a6a05230, 0x00000227a6a07850, 0x00000227a6a229f0,
0x00000227a6a51010, 0x00000227a6a54530, 0x00000227a6a557e0, 0x00000227a6a72540,
0x00000227a6a72e40, 0x00000227a75e03e0, 0x00000227a75e0d80, 0x00000227a75dfa40,
0x00000227a75e08b0, 0x00000227a75dff10, 0x00000227a75e1250, 0x00000227a75e2590,
0x00000227a75e1720, 0x00000227a75df570, 0x00000227a75e1bf0, 0x00000227a75e20c0,
0x00000227a75e2a60, 0x00000227a8ef12d0, 0x00000227a75df0a0, 0x00000227abca58c0,
0x00000227abca1560, 0x00000227abca2d70, 0x00000227abca4580, 0x00000227abca28a0,
0x00000227abc9f880, 0x00000227abca3710, 0x00000227abca53f0, 0x00000227abc9e070,
0x00000227abca3be0, 0x00000227abc9ea10, 0x00000227abc9e540, 0x00000227abca1090,
0x00000227abca3240, 0x00000227abca06f0, 0x00000227abca0220, 0x00000227abc9eee0,
0x00000227abc9fd50
}

Java Threads: ( => current thread )
  0x000002279b22c980 JavaThread "main" [_thread_blocked, id=8316, stack(0x000000c849b00000,0x000000c849c00000)]
  0x00000227a6a05230 JavaThread "Reference Handler" daemon [_thread_blocked, id=14352, stack(0x000000c84a200000,0x000000c84a300000)]
  0x00000227a6a07850 JavaThread "Finalizer" daemon [_thread_blocked, id=4368, stack(0x000000c84a300000,0x000000c84a400000)]
  0x00000227a6a229f0 JavaThread "Signal Dispatcher" daemon [_thread_blocked, id=7704, stack(0x000000c84a400000,0x000000c84a500000)]
  0x00000227a6a51010 JavaThread "Attach Listener" daemon [_thread_blocked, id=13608, stack(0x000000c84a500000,0x000000c84a600000)]
  0x00000227a6a54530 JavaThread "Service Thread" daemon [_thread_blocked, id=3672, stack(0x000000c84a600000,0x000000c84a700000)]
  0x00000227a6a557e0 JavaThread "Monitor Deflation Thread" daemon [_thread_blocked, id=5792, stack(0x000000c84a700000,0x000000c84a800000)]
  0x00000227a6a72540 JavaThread "C1 CompilerThread0" daemon [_thread_blocked, id=19404, stack(0x000000c84a800000,0x000000c84a900000)]
  0x00000227a6a72e40 JavaThread "Sweeper thread" daemon [_thread_blocked, id=17088, stack(0x000000c84a900000,0x000000c84aa00000)]
  0x00000227a75e03e0 JavaThread "Common-Cleaner" daemon [_thread_blocked, id=2124, stack(0x000000c84aa00000,0x000000c84ab00000)]
  0x00000227a75e0d80 JavaThread "Notification Thread" daemon [_thread_blocked, id=7348, stack(0x000000c84ab00000,0x000000c84ac00000)]
  0x00000227a75dfa40 JavaThread "RMI TCP Accept-0" daemon [_thread_in_native, id=18736, stack(0x000000c84ac00000,0x000000c84ad00000)]
  0x00000227a75e08b0 JavaThread "RMI TCP Accept-51234" daemon [_thread_in_native, id=16820, stack(0x000000c84ad00000,0x000000c84ae00000)]
  0x00000227a75dff10 JavaThread "RMI TCP Accept-0" daemon [_thread_in_native, id=9544, stack(0x000000c84ae00000,0x000000c84af00000)]
  0x00000227a75e1250 JavaThread "RMI TCP Connection(1)-127.0.0.1" daemon [_thread_in_native, id=16572, stack(0x000000c84b900000,0x000000c84ba00000)]
  0x00000227a75e2590 JavaThread "RMI TCP Connection(2)-127.0.0.1" daemon [_thread_in_native, id=12016, stack(0x000000c84ba00000,0x000000c84bb00000)]
  0x00000227a75e1720 JavaThread "RMI Scheduler(0)" daemon [_thread_blocked, id=7900, stack(0x000000c84bb00000,0x000000c84bc00000)]
  0x00000227a75df570 JavaThread "RMI TCP Connection(3)-127.0.0.1" daemon [_thread_in_native, id=14680, stack(0x000000c84bc00000,0x000000c84bd00000)]
  0x00000227a75e1bf0 JavaThread "JMX server connection timeout 22" daemon [_thread_blocked, id=628, stack(0x000000c84bd00000,0x000000c84be00000)]
  0x00000227a75e20c0 JavaThread "JMX server connection timeout 24" daemon [_thread_blocked, id=9700, stack(0x000000c84be00000,0x000000c84bf00000)]
  0x00000227a75e2a60 JavaThread "Keep-Alive-Timer" daemon [_thread_blocked, id=17492, stack(0x000000c84c100000,0x000000c84c200000)]
  0x00000227a8ef12d0 JavaThread "C1 CompilerThread1" daemon [_thread_blocked, id=14608, stack(0x000000c84c200000,0x000000c84c300000)]
  0x00000227a75df0a0 JavaThread "Catalina-utility-1" [_thread_blocked, id=12532, stack(0x000000c84c300000,0x000000c84c400000)]
  0x00000227abca58c0 JavaThread "Catalina-utility-2" [_thread_blocked, id=9944, stack(0x000000c84c400000,0x000000c84c500000)]
  0x00000227abca1560 JavaThread "container-0" [_thread_blocked, id=1632, stack(0x000000c84c500000,0x000000c84c600000)]
  0x00000227abca2d70 JavaThread "mysql-cj-abandoned-connection-cleanup" daemon [_thread_blocked, id=18248, stack(0x000000c84c600000,0x000000c84c700000)]
  0x00000227abca4580 JavaThread "HikariPool-1 housekeeper" daemon [_thread_blocked, id=14152, stack(0x000000c84c700000,0x000000c84c800000)]
  0x00000227abca28a0 JavaThread "ClassGraph-worker-56" daemon [_thread_blocked, id=15040, stack(0x000000c84c800000,0x000000c84c900000)]
  0x00000227abc9f880 JavaThread "ClassGraph-worker-57" daemon [_thread_blocked, id=17440, stack(0x000000c84c900000,0x000000c84ca00000)]
  0x00000227abca3710 JavaThread "ClassGraph-worker-58" daemon [_thread_blocked, id=8956, stack(0x000000c84ca00000,0x000000c84cb00000)]
  0x00000227abca53f0 JavaThread "ClassGraph-worker-59" daemon [_thread_blocked, id=3096, stack(0x000000c84cb00000,0x000000c84cc00000)]
  0x00000227abc9e070 JavaThread "ClassGraph-worker-60" daemon [_thread_blocked, id=17676, stack(0x000000c84cc00000,0x000000c84cd00000)]
  0x00000227abca3be0 JavaThread "ClassGraph-worker-61" daemon [_thread_blocked, id=13868, stack(0x000000c84cd00000,0x000000c84ce00000)]
  0x00000227abc9ea10 JavaThread "ClassGraph-worker-62" daemon [_thread_blocked, id=13648, stack(0x000000c84ce00000,0x000000c84cf00000)]
  0x00000227abc9e540 JavaThread "ClassGraph-worker-63" daemon [_thread_blocked, id=8848, stack(0x000000c84cf00000,0x000000c84d000000)]
  0x00000227abca1090 JavaThread "ClassGraph-worker-64" daemon [_thread_blocked, id=6956, stack(0x000000c84d000000,0x000000c84d100000)]
  0x00000227abca3240 JavaThread "ClassGraph-worker-65" daemon [_thread_blocked, id=18940, stack(0x000000c84d100000,0x000000c84d200000)]
  0x00000227abca06f0 JavaThread "ClassGraph-worker-66" daemon [_thread_blocked, id=14072, stack(0x000000c84d200000,0x000000c84d300000)]
  0x00000227abca0220 JavaThread "ClassGraph-worker-67" daemon [_thread_blocked, id=7280, stack(0x000000c84d300000,0x000000c84d400000)]
  0x00000227abc9eee0 JavaThread "ClassGraph-worker-68" daemon [_thread_blocked, id=12700, stack(0x000000c84d400000,0x000000c84d500000)]
  0x00000227abc9fd50 JavaThread "ClassGraph-worker-69" daemon [_thread_blocked, id=18644, stack(0x000000c84d500000,0x000000c84d600000)]

Other Threads:
=>0x00000227a6a00d70 VMThread "VM Thread" [stack: 0x000000c84a100000,0x000000c84a200000] [id=15060]
  0x00000227a7e9c000 WatcherThread [stack: 0x000000c84af00000,0x000000c84b000000] [id=3968]
  0x000002279b25e0d0 GCTaskThread "GC Thread#0" [stack: 0x000000c849c00000,0x000000c849d00000] [id=14112]
  0x00000227a7f2a950 GCTaskThread "GC Thread#1" [stack: 0x000000c84b000000,0x000000c84b100000] [id=13784]
  0x00000227a7eae860 GCTaskThread "GC Thread#2" [stack: 0x000000c84b100000,0x000000c84b200000] [id=13360]
  0x00000227a7f500f0 GCTaskThread "GC Thread#3" [stack: 0x000000c84b200000,0x000000c84b300000] [id=18956]
  0x00000227a7f0d010 GCTaskThread "GC Thread#4" [stack: 0x000000c84b300000,0x000000c84b400000] [id=9184]
  0x00000227a7f0d2c0 GCTaskThread "GC Thread#5" [stack: 0x000000c84b400000,0x000000c84b500000] [id=328]
  0x00000227a8f10f10 GCTaskThread "GC Thread#6" [stack: 0x000000c84b500000,0x000000c84b600000] [id=10404]
  0x00000227a8f111c0 GCTaskThread "GC Thread#7" [stack: 0x000000c84b600000,0x000000c84b700000] [id=17048]
  0x000002279b2674b0 ConcurrentGCThread "G1 Main Marker" [stack: 0x000000c849d00000,0x000000c849e00000] [id=16644]
  0x000002279b267ec0 ConcurrentGCThread "G1 Conc#0" [stack: 0x000000c849e00000,0x000000c849f00000] [id=18224]
  0x00000227a90b2df0 ConcurrentGCThread "G1 Conc#1" [stack: 0x000000c84bf00000,0x000000c84c000000] [id=3332]
  0x000002279b2c6b10 ConcurrentGCThread "G1 Refine#0" [stack: 0x000000c849f00000,0x000000c84a000000] [id=11596]
  0x00000227a7f0c070 ConcurrentGCThread "G1 Refine#1" [stack: 0x000000c84b700000,0x000000c84b800000] [id=9440]
  0x00000227a7f0c350 ConcurrentGCThread "G1 Refine#2" [stack: 0x000000c84b800000,0x000000c84b900000] [id=15392]
  0x00000227ac647410 ConcurrentGCThread "G1 Refine#3" [stack: 0x000000c84d700000,0x000000c84d800000] [id=4688]
  0x000002279b2c8540 ConcurrentGCThread "G1 Service" [stack: 0x000000c84a000000,0x000000c84a100000] [id=18072]

Threads with active compile tasks:

VM state: at safepoint (normal execution)

VM Mutex/Monitor currently owned by a thread:  ([mutex/lock_event])
[0x000002279b229010] Threads_lock - owner thread: 0x00000227a6a00d70
[0x000002279b228b00] Heap_lock - owner thread: 0x000002279b2674b0

Heap address: 0x00000000c1c00000, size: 996 MB, Compressed Oops mode: 32-bit

CDS archive(s) not mapped
Compressed class space mapped at: 0x0000000100000000-0x0000000140000000, reserved size: 1073741824
Narrow klass base: 0x0000000000000000, Narrow klass shift: 3, Narrow klass range: 0x140000000

GC Precious Log:
 CPUs: 8 total, 8 available
 Memory: 3982M
 Large Page Support: Disabled
 NUMA Support: Disabled
 Compressed Oops: Enabled (32-bit)
 Heap Region Size: 1M
 Heap Min Capacity: 8M
 Heap Initial Capacity: 64M
 Heap Max Capacity: 996M
 Pre-touch: Disabled
 Parallel Workers: 8
 Concurrent Workers: 2
 Concurrent Refinement Workers: 8
 Periodic GC: Disabled

Heap:
 garbage-first heap   total 153600K, used 113107K [0x00000000c1c00000, 0x0000000100000000)
  region size 1024K, 39 young (39936K), 6 survivors (6144K)
 Metaspace       used 82684K, committed 83264K, reserved 1122304K
  class space    used 11320K, committed 11584K, reserved 1048576K

Heap Regions: E=young(eden), S=young(survivor), O=old, HS=humongous(starts), HC=humongous(continues), CS=collection set, F=free, OA=open archive, CA=closed archive, TAMS=top-at-mark-start (previous, next)
|   0|0x00000000c1c00000, 0x00000000c1d00000, 0x00000000c1d00000|100%|HS|  |TAMS 0x00000000c1d00000, 0x00000000c1c00000| Complete 
|   1|0x00000000c1d00000, 0x00000000c1e00000, 0x00000000c1e00000|100%| O|  |TAMS 0x00000000c1e00000, 0x00000000c1d00000| Untracked 
|   2|0x00000000c1e00000, 0x00000000c1f00000, 0x00000000c1f00000|100%|HS|  |TAMS 0x00000000c1f00000, 0x00000000c1e00000| Complete 
|   3|0x00000000c1f00000, 0x00000000c2000000, 0x00000000c2000000|100%| O|  |TAMS 0x00000000c2000000, 0x00000000c1f00000| Untracked 
|   4|0x00000000c2000000, 0x00000000c2100000, 0x00000000c2100000|100%| O|  |TAMS 0x00000000c2100000, 0x00000000c2000000| Untracked 
|   5|0x00000000c2100000, 0x00000000c2200000, 0x00000000c2200000|100%| O|  |TAMS 0x00000000c2200000, 0x00000000c2100000| Untracked 
|   6|0x00000000c2200000, 0x00000000c2300000, 0x00000000c2300000|100%| O|  |TAMS 0x00000000c2300000, 0x00000000c2200000| Untracked 
|   7|0x00000000c2300000, 0x00000000c2400000, 0x00000000c2400000|100%| O|  |TAMS 0x00000000c2400000, 0x00000000c2300000| Untracked 
|   8|0x00000000c2400000, 0x00000000c2500000, 0x00000000c2500000|100%| O|  |TAMS 0x00000000c2500000, 0x00000000c2400000| Untracked 
|   9|0x00000000c2500000, 0x00000000c2600000, 0x00000000c2600000|100%| O|  |TAMS 0x00000000c2600000, 0x00000000c2500000| Untracked 
|  10|0x00000000c2600000, 0x00000000c2700000, 0x00000000c2700000|100%| O|  |TAMS 0x00000000c2700000, 0x00000000c2600000| Untracked 
|  11|0x00000000c2700000, 0x00000000c2800000, 0x00000000c2800000|100%| O|  |TAMS 0x00000000c2800000, 0x00000000c2700000| Untracked 
|  12|0x00000000c2800000, 0x00000000c2900000, 0x00000000c2900000|100%| O|  |TAMS 0x00000000c2900000, 0x00000000c2800000| Untracked 
|  13|0x00000000c2900000, 0x00000000c2a00000, 0x00000000c2a00000|100%| O|  |TAMS 0x00000000c2a00000, 0x00000000c2900000| Untracked 
|  14|0x00000000c2a00000, 0x00000000c2b00000, 0x00000000c2b00000|100%| O|  |TAMS 0x00000000c2b00000, 0x00000000c2a00000| Updating 
|  15|0x00000000c2b00000, 0x00000000c2c00000, 0x00000000c2c00000|100%| O|  |TAMS 0x00000000c2b00000, 0x00000000c2b00000| Untracked 
|  16|0x00000000c2c00000, 0x00000000c2d00000, 0x00000000c2d00000|100%| O|  |TAMS 0x00000000c2d00000, 0x00000000c2c00000| Updating 
|  17|0x00000000c2d00000, 0x00000000c2e00000, 0x00000000c2e00000|100%| O|  |TAMS 0x00000000c2e00000, 0x00000000c2d00000| Updating 
|  18|0x00000000c2e00000, 0x00000000c2f00000, 0x00000000c2f00000|100%| O|  |TAMS 0x00000000c2f00000, 0x00000000c2e00000| Updating 
|  19|0x00000000c2f00000, 0x00000000c3000000, 0x00000000c3000000|100%| O|  |TAMS 0x00000000c3000000, 0x00000000c2f00000| Updating 
|  20|0x00000000c3000000, 0x00000000c3100000, 0x00000000c3100000|100%| O|  |TAMS 0x00000000c3100000, 0x00000000c3000000| Untracked 
|  21|0x00000000c3100000, 0x00000000c3200000, 0x00000000c3200000|100%| O|  |TAMS 0x00000000c3200000, 0x00000000c3100000| Untracked 
|  22|0x00000000c3200000, 0x00000000c3300000, 0x00000000c3300000|100%| O|  |TAMS 0x00000000c3300000, 0x00000000c3200000| Updating 
|  23|0x00000000c3300000, 0x00000000c3400000, 0x00000000c3400000|100%| O|  |TAMS 0x00000000c3400000, 0x00000000c3300000| Updating 
|  24|0x00000000c3400000, 0x00000000c3500000, 0x00000000c3500000|100%| O|  |TAMS 0x00000000c3500000, 0x00000000c3400000| Updating 
|  25|0x00000000c3500000, 0x00000000c3600000, 0x00000000c3600000|100%| O|  |TAMS 0x00000000c3600000, 0x00000000c3500000| Updating 
|  26|0x00000000c3600000, 0x00000000c3700000, 0x00000000c3700000|100%| O|  |TAMS 0x00000000c3700000, 0x00000000c3600000| Untracked 
|  27|0x00000000c3700000, 0x00000000c3800000, 0x00000000c3800000|100%| O|  |TAMS 0x00000000c3800000, 0x00000000c3700000| Untracked 
|  28|0x00000000c3800000, 0x00000000c3900000, 0x00000000c3900000|100%| O|  |TAMS 0x00000000c3900000, 0x00000000c3800000| Untracked 
|  29|0x00000000c3900000, 0x00000000c3a00000, 0x00000000c3a00000|100%| O|  |TAMS 0x00000000c3a00000, 0x00000000c3900000| Untracked 
|  30|0x00000000c3a00000, 0x00000000c3b00000, 0x00000000c3b00000|100%| O|  |TAMS 0x00000000c3b00000, 0x00000000c3a00000| Updating 
|  31|0x00000000c3b00000, 0x00000000c3c00000, 0x00000000c3c00000|100%| O|  |TAMS 0x00000000c3c00000, 0x00000000c3b00000| Untracked 
|  32|0x00000000c3c00000, 0x00000000c3d00000, 0x00000000c3d00000|100%| O|  |TAMS 0x00000000c3d00000, 0x00000000c3c00000| Untracked 
|  33|0x00000000c3d00000, 0x00000000c3e00000, 0x00000000c3e00000|100%| O|  |TAMS 0x00000000c3e00000, 0x00000000c3d00000| Untracked 
|  34|0x00000000c3e00000, 0x00000000c3f00000, 0x00000000c3f00000|100%| O|  |TAMS 0x00000000c3f00000, 0x00000000c3e00000| Untracked 
|  35|0x00000000c3f00000, 0x00000000c4000000, 0x00000000c4000000|100%| O|  |TAMS 0x00000000c4000000, 0x00000000c3f00000| Untracked 
|  36|0x00000000c4000000, 0x00000000c4100000, 0x00000000c4100000|100%| O|  |TAMS 0x00000000c4100000, 0x00000000c4000000| Untracked 
|  37|0x00000000c4100000, 0x00000000c4200000, 0x00000000c4200000|100%| O|  |TAMS 0x00000000c4200000, 0x00000000c4100000| Untracked 
|  38|0x00000000c4200000, 0x00000000c4300000, 0x00000000c4300000|100%| O|  |TAMS 0x00000000c4300000, 0x00000000c4200000| Updating 
|  39|0x00000000c4300000, 0x00000000c4400000, 0x00000000c4400000|100%| O|  |TAMS 0x00000000c4400000, 0x00000000c4300000| Updating 
|  40|0x00000000c4400000, 0x00000000c4500000, 0x00000000c4500000|100%| O|  |TAMS 0x00000000c4500000, 0x00000000c4400000| Updating 
|  41|0x00000000c4500000, 0x00000000c4600000, 0x00000000c4600000|100%| O|  |TAMS 0x00000000c4600000, 0x00000000c4500000| Untracked 
|  42|0x00000000c4600000, 0x00000000c4700000, 0x00000000c4700000|100%| O|  |TAMS 0x00000000c4700000, 0x00000000c4600000| Updating 
|  43|0x00000000c4700000, 0x00000000c4800000, 0x00000000c4800000|100%| O|  |TAMS 0x00000000c4800000, 0x00000000c4700000| Updating 
|  44|0x00000000c4800000, 0x00000000c4900000, 0x00000000c4900000|100%| O|  |TAMS 0x00000000c4900000, 0x00000000c4800000| Updating 
|  45|0x00000000c4900000, 0x00000000c4a00000, 0x00000000c4a00000|100%| O|  |TAMS 0x00000000c4a00000, 0x00000000c4900000| Updating 
|  46|0x00000000c4a00000, 0x00000000c4b00000, 0x00000000c4b00000|100%| O|  |TAMS 0x00000000c4b00000, 0x00000000c4a00000| Untracked 
|  47|0x00000000c4b00000, 0x00000000c4c00000, 0x00000000c4c00000|100%| O|  |TAMS 0x00000000c4c00000, 0x00000000c4b00000| Updating 
|  48|0x00000000c4c00000, 0x00000000c4d00000, 0x00000000c4d00000|100%| O|  |TAMS 0x00000000c4d00000, 0x00000000c4c00000| Updating 
|  49|0x00000000c4d00000, 0x00000000c4e00000, 0x00000000c4e00000|100%| O|  |TAMS 0x00000000c4e00000, 0x00000000c4d00000| Updating 
|  50|0x00000000c4e00000, 0x00000000c4e00000, 0x00000000c4f00000|  0%| F|  |TAMS 0x00000000c4e00000, 0x00000000c4e00000| Untracked 
|  51|0x00000000c4f00000, 0x00000000c5000000, 0x00000000c5000000|100%| O|  |TAMS 0x00000000c5000000, 0x00000000c4f00000| Updating 
|  52|0x00000000c5000000, 0x00000000c5100000, 0x00000000c5100000|100%| O|  |TAMS 0x00000000c5100000, 0x00000000c5000000| Updating 
|  53|0x00000000c5100000, 0x00000000c5200000, 0x00000000c5200000|100%| O|  |TAMS 0x00000000c5200000, 0x00000000c5100000| Updating 
|  54|0x00000000c5200000, 0x00000000c5300000, 0x00000000c5300000|100%| O|  |TAMS 0x00000000c5300000, 0x00000000c5200000| Updating 
|  55|0x00000000c5300000, 0x00000000c5400000, 0x00000000c5400000|100%| O|  |TAMS 0x00000000c5400000, 0x00000000c5300000| Updating 
|  56|0x00000000c5400000, 0x00000000c5500000, 0x00000000c5500000|100%| O|  |TAMS 0x00000000c5500000, 0x00000000c5400000| Updating 
|  57|0x00000000c5500000, 0x00000000c5600000, 0x00000000c5600000|100%| O|  |TAMS 0x00000000c5600000, 0x00000000c5500000| Updating 
|  58|0x00000000c5600000, 0x00000000c5700000, 0x00000000c5700000|100%| O|  |TAMS 0x00000000c5700000, 0x00000000c5600000| Updating 
|  59|0x00000000c5700000, 0x00000000c5800000, 0x00000000c5800000|100%| O|  |TAMS 0x00000000c5800000, 0x00000000c5700000| Updating 
|  60|0x00000000c5800000, 0x00000000c5900000, 0x00000000c5900000|100%| O|  |TAMS 0x00000000c5900000, 0x00000000c5800000| Updating 
|  61|0x00000000c5900000, 0x00000000c5a00000, 0x00000000c5a00000|100%| O|  |TAMS 0x00000000c5a00000, 0x00000000c5900000| Untracked 
|  62|0x00000000c5a00000, 0x00000000c5b00000, 0x00000000c5b00000|100%| O|  |TAMS 0x00000000c5b00000, 0x00000000c5a00000| Updating 
|  63|0x00000000c5b00000, 0x00000000c5c00000, 0x00000000c5c00000|100%| O|  |TAMS 0x00000000c5c00000, 0x00000000c5b00000| Updating 
|  64|0x00000000c5c00000, 0x00000000c5d00000, 0x00000000c5d00000|100%| O|  |TAMS 0x00000000c5d00000, 0x00000000c5c00000| Updating 
|  65|0x00000000c5d00000, 0x00000000c5e00000, 0x00000000c5e00000|100%| O|  |TAMS 0x00000000c5e00000, 0x00000000c5d00000| Updating 
|  66|0x00000000c5e00000, 0x00000000c5f00000, 0x00000000c5f00000|100%| O|  |TAMS 0x00000000c5f00000, 0x00000000c5e00000| Updating 
|  67|0x00000000c5f00000, 0x00000000c6000000, 0x00000000c6000000|100%| O|  |TAMS 0x00000000c6000000, 0x00000000c5f00000| Updating 
|  68|0x00000000c6000000, 0x00000000c6100000, 0x00000000c6100000|100%| O|  |TAMS 0x00000000c6100000, 0x00000000c6000000| Updating 
|  69|0x00000000c6100000, 0x00000000c6100000, 0x00000000c6200000|  0%| F|  |TAMS 0x00000000c6100000, 0x00000000c6100000| Untracked 
|  70|0x00000000c6200000, 0x00000000c6300000, 0x00000000c6300000|100%| O|  |TAMS 0x00000000c6200000, 0x00000000c6200000| Untracked 
|  71|0x00000000c6300000, 0x00000000c6400000, 0x00000000c6400000|100%| O|  |TAMS 0x00000000c6300000, 0x00000000c6300000| Untracked 
|  72|0x00000000c6400000, 0x00000000c6474c00, 0x00000000c6500000| 45%| O|  |TAMS 0x00000000c6400000, 0x00000000c6400000| Updating 
|  73|0x00000000c6500000, 0x00000000c6600000, 0x00000000c6600000|100%|HS|  |TAMS 0x00000000c6500000, 0x00000000c6500000| Complete 
|  74|0x00000000c6600000, 0x00000000c6700000, 0x00000000c6700000|100%|HS|  |TAMS 0x00000000c6600000, 0x00000000c6600000| Complete 
|  75|0x00000000c6700000, 0x00000000c6800000, 0x00000000c6800000|100%|HS|  |TAMS 0x00000000c6700000, 0x00000000c6700000| Complete 
|  76|0x00000000c6800000, 0x00000000c6800000, 0x00000000c6900000|  0%| F|  |TAMS 0x00000000c6800000, 0x00000000c6800000| Untracked 
|  77|0x00000000c6900000, 0x00000000c6900000, 0x00000000c6a00000|  0%| F|  |TAMS 0x00000000c6900000, 0x00000000c6900000| Untracked 
|  78|0x00000000c6a00000, 0x00000000c6a00000, 0x00000000c6b00000|  0%| F|  |TAMS 0x00000000c6a00000, 0x00000000c6a00000| Untracked 
|  79|0x00000000c6b00000, 0x00000000c6b00000, 0x00000000c6c00000|  0%| F|  |TAMS 0x00000000c6b00000, 0x00000000c6b00000| Untracked 
|  80|0x00000000c6c00000, 0x00000000c6c00000, 0x00000000c6d00000|  0%| F|  |TAMS 0x00000000c6c00000, 0x00000000c6c00000| Untracked 
|  81|0x00000000c6d00000, 0x00000000c6d00000, 0x00000000c6e00000|  0%| F|  |TAMS 0x00000000c6d00000, 0x00000000c6d00000| Untracked 
|  82|0x00000000c6e00000, 0x00000000c6e00000, 0x00000000c6f00000|  0%| F|  |TAMS 0x00000000c6e00000, 0x00000000c6e00000| Untracked 
|  83|0x00000000c6f00000, 0x00000000c6f00000, 0x00000000c7000000|  0%| F|  |TAMS 0x00000000c6f00000, 0x00000000c6f00000| Untracked 
|  84|0x00000000c7000000, 0x00000000c7000000, 0x00000000c7100000|  0%| F|  |TAMS 0x00000000c7000000, 0x00000000c7000000| Untracked 
|  85|0x00000000c7100000, 0x00000000c7100000, 0x00000000c7200000|  0%| F|  |TAMS 0x00000000c7100000, 0x00000000c7100000| Untracked 
|  86|0x00000000c7200000, 0x00000000c7200000, 0x00000000c7300000|  0%| F|  |TAMS 0x00000000c7200000, 0x00000000c7200000| Untracked 
|  87|0x00000000c7300000, 0x00000000c7300000, 0x00000000c7400000|  0%| F|  |TAMS 0x00000000c7300000, 0x00000000c7300000| Untracked 
|  88|0x00000000c7400000, 0x00000000c7400000, 0x00000000c7500000|  0%| F|  |TAMS 0x00000000c7400000, 0x00000000c7400000| Untracked 
|  89|0x00000000c7500000, 0x00000000c7500000, 0x00000000c7600000|  0%| F|  |TAMS 0x00000000c7500000, 0x00000000c7500000| Untracked 
|  90|0x00000000c7600000, 0x00000000c7600000, 0x00000000c7700000|  0%| F|  |TAMS 0x00000000c7600000, 0x00000000c7600000| Untracked 
|  91|0x00000000c7700000, 0x00000000c7700000, 0x00000000c7800000|  0%| F|  |TAMS 0x00000000c7700000, 0x00000000c7700000| Untracked 
|  92|0x00000000c7800000, 0x00000000c7800000, 0x00000000c7900000|  0%| F|  |TAMS 0x00000000c7800000, 0x00000000c7800000| Untracked 
|  93|0x00000000c7900000, 0x00000000c7900000, 0x00000000c7a00000|  0%| F|  |TAMS 0x00000000c7900000, 0x00000000c7900000| Untracked 
|  94|0x00000000c7a00000, 0x00000000c7a00000, 0x00000000c7b00000|  0%| F|  |TAMS 0x00000000c7a00000, 0x00000000c7a00000| Untracked 
|  95|0x00000000c7b00000, 0x00000000c7b00000, 0x00000000c7c00000|  0%| F|  |TAMS 0x00000000c7b00000, 0x00000000c7b00000| Untracked 
|  96|0x00000000c7c00000, 0x00000000c7c00000, 0x00000000c7d00000|  0%| F|  |TAMS 0x00000000c7c00000, 0x00000000c7c00000| Untracked 
|  97|0x00000000c7d00000, 0x00000000c7d00000, 0x00000000c7e00000|  0%| F|  |TAMS 0x00000000c7d00000, 0x00000000c7d00000| Untracked 
|  98|0x00000000c7e00000, 0x00000000c7e00000, 0x00000000c7f00000|  0%| F|  |TAMS 0x00000000c7e00000, 0x00000000c7e00000| Untracked 
|  99|0x00000000c7f00000, 0x00000000c7f00000, 0x00000000c8000000|  0%| F|  |TAMS 0x00000000c7f00000, 0x00000000c7f00000| Untracked 
| 100|0x00000000c8000000, 0x00000000c8000000, 0x00000000c8100000|  0%| F|  |TAMS 0x00000000c8000000, 0x00000000c8000000| Untracked 
| 101|0x00000000c8100000, 0x00000000c8100000, 0x00000000c8200000|  0%| F|  |TAMS 0x00000000c8100000, 0x00000000c8100000| Untracked 
| 102|0x00000000c8200000, 0x00000000c8200000, 0x00000000c8300000|  0%| F|  |TAMS 0x00000000c8200000, 0x00000000c8200000| Untracked 
| 103|0x00000000c8300000, 0x00000000c8300000, 0x00000000c8400000|  0%| F|  |TAMS 0x00000000c8300000, 0x00000000c8300000| Untracked 
| 104|0x00000000c8400000, 0x00000000c8400000, 0x00000000c8500000|  0%| F|  |TAMS 0x00000000c8400000, 0x00000000c8400000| Untracked 
| 105|0x00000000c8500000, 0x00000000c8500000, 0x00000000c8600000|  0%| F|  |TAMS 0x00000000c8500000, 0x00000000c8500000| Untracked 
| 106|0x00000000c8600000, 0x00000000c8600000, 0x00000000c8700000|  0%| F|  |TAMS 0x00000000c8600000, 0x00000000c8600000| Untracked 
| 107|0x00000000c8700000, 0x00000000c8700000, 0x00000000c8800000|  0%| F|  |TAMS 0x00000000c8700000, 0x00000000c8700000| Untracked 
| 108|0x00000000c8800000, 0x00000000c8800000, 0x00000000c8900000|  0%| F|  |TAMS 0x00000000c8800000, 0x00000000c8800000| Untracked 
| 109|0x00000000c8900000, 0x00000000c8900000, 0x00000000c8a00000|  0%| F|  |TAMS 0x00000000c8900000, 0x00000000c8900000| Untracked 
| 110|0x00000000c8a00000, 0x00000000c8a00000, 0x00000000c8b00000|  0%| F|  |TAMS 0x00000000c8a00000, 0x00000000c8a00000| Untracked 
| 111|0x00000000c8b00000, 0x00000000c8b7efa0, 0x00000000c8c00000| 49%| E|  |TAMS 0x00000000c8b00000, 0x00000000c8b00000| Complete 
| 112|0x00000000c8c00000, 0x00000000c8d00000, 0x00000000c8d00000|100%| E|CS|TAMS 0x00000000c8c00000, 0x00000000c8c00000| Complete 
| 113|0x00000000c8d00000, 0x00000000c8e00000, 0x00000000c8e00000|100%| S|CS|TAMS 0x00000000c8d00000, 0x00000000c8d00000| Complete 
| 114|0x00000000c8e00000, 0x00000000c8f00000, 0x00000000c8f00000|100%| S|CS|TAMS 0x00000000c8e00000, 0x00000000c8e00000| Complete 
| 115|0x00000000c8f00000, 0x00000000c9000000, 0x00000000c9000000|100%| S|CS|TAMS 0x00000000c8f00000, 0x00000000c8f00000| Complete 
| 116|0x00000000c9000000, 0x00000000c9100000, 0x00000000c9100000|100%| S|CS|TAMS 0x00000000c9000000, 0x00000000c9000000| Complete 
| 117|0x00000000c9100000, 0x00000000c9200000, 0x00000000c9200000|100%| S|CS|TAMS 0x00000000c9100000, 0x00000000c9100000| Complete 
| 118|0x00000000c9200000, 0x00000000c9300000, 0x00000000c9300000|100%| S|CS|TAMS 0x00000000c9200000, 0x00000000c9200000| Complete 
| 119|0x00000000c9300000, 0x00000000c9400000, 0x00000000c9400000|100%| E|CS|TAMS 0x00000000c9300000, 0x00000000c9300000| Complete 
| 120|0x00000000c9400000, 0x00000000c9500000, 0x00000000c9500000|100%| E|  |TAMS 0x00000000c9400000, 0x00000000c9400000| Complete 
| 121|0x00000000c9500000, 0x00000000c9600000, 0x00000000c9600000|100%| E|CS|TAMS 0x00000000c9500000, 0x00000000c9500000| Complete 
| 122|0x00000000c9600000, 0x00000000c9700000, 0x00000000c9700000|100%| E|CS|TAMS 0x00000000c9600000, 0x00000000c9600000| Complete 
| 123|0x00000000c9700000, 0x00000000c9800000, 0x00000000c9800000|100%| E|CS|TAMS 0x00000000c9700000, 0x00000000c9700000| Complete 
| 124|0x00000000c9800000, 0x00000000c9900000, 0x00000000c9900000|100%| E|CS|TAMS 0x00000000c9800000, 0x00000000c9800000| Complete 
| 125|0x00000000c9900000, 0x00000000c9a00000, 0x00000000c9a00000|100%| E|CS|TAMS 0x00000000c9900000, 0x00000000c9900000| Complete 
| 126|0x00000000c9a00000, 0x00000000c9b00000, 0x00000000c9b00000|100%| E|CS|TAMS 0x00000000c9a00000, 0x00000000c9a00000| Complete 
| 127|0x00000000c9b00000, 0x00000000c9c00000, 0x00000000c9c00000|100%| E|CS|TAMS 0x00000000c9b00000, 0x00000000c9b00000| Complete 
| 128|0x00000000c9c00000, 0x00000000c9d00000, 0x00000000c9d00000|100%| E|CS|TAMS 0x00000000c9c00000, 0x00000000c9c00000| Complete 
| 129|0x00000000c9d00000, 0x00000000c9e00000, 0x00000000c9e00000|100%| E|CS|TAMS 0x00000000c9d00000, 0x00000000c9d00000| Complete 
| 130|0x00000000c9e00000, 0x00000000c9f00000, 0x00000000c9f00000|100%| E|CS|TAMS 0x00000000c9e00000, 0x00000000c9e00000| Complete 
| 131|0x00000000c9f00000, 0x00000000ca000000, 0x00000000ca000000|100%| E|CS|TAMS 0x00000000c9f00000, 0x00000000c9f00000| Complete 
| 132|0x00000000ca000000, 0x00000000ca100000, 0x00000000ca100000|100%| E|CS|TAMS 0x00000000ca000000, 0x00000000ca000000| Complete 
| 133|0x00000000ca100000, 0x00000000ca200000, 0x00000000ca200000|100%| E|CS|TAMS 0x00000000ca100000, 0x00000000ca100000| Complete 
| 134|0x00000000ca200000, 0x00000000ca300000, 0x00000000ca300000|100%| E|CS|TAMS 0x00000000ca200000, 0x00000000ca200000| Complete 
| 135|0x00000000ca300000, 0x00000000ca400000, 0x00000000ca400000|100%| E|CS|TAMS 0x00000000ca300000, 0x00000000ca300000| Complete 
| 136|0x00000000ca400000, 0x00000000ca500000, 0x00000000ca500000|100%| E|CS|TAMS 0x00000000ca400000, 0x00000000ca400000| Complete 
| 137|0x00000000ca500000, 0x00000000ca600000, 0x00000000ca600000|100%| E|CS|TAMS 0x00000000ca500000, 0x00000000ca500000| Complete 
| 138|0x00000000ca600000, 0x00000000ca700000, 0x00000000ca700000|100%| E|CS|TAMS 0x00000000ca600000, 0x00000000ca600000| Complete 
| 139|0x00000000ca700000, 0x00000000ca800000, 0x00000000ca800000|100%| E|CS|TAMS 0x00000000ca700000, 0x00000000ca700000| Complete 
| 140|0x00000000ca800000, 0x00000000ca900000, 0x00000000ca900000|100%| E|CS|TAMS 0x00000000ca800000, 0x00000000ca800000| Complete 
| 141|0x00000000ca900000, 0x00000000caa00000, 0x00000000caa00000|100%| E|CS|TAMS 0x00000000ca900000, 0x00000000ca900000| Complete 
| 142|0x00000000caa00000, 0x00000000cab00000, 0x00000000cab00000|100%| E|CS|TAMS 0x00000000caa00000, 0x00000000caa00000| Complete 
| 143|0x00000000cab00000, 0x00000000cac00000, 0x00000000cac00000|100%| E|CS|TAMS 0x00000000cab00000, 0x00000000cab00000| Complete 
| 144|0x00000000cac00000, 0x00000000cad00000, 0x00000000cad00000|100%| E|CS|TAMS 0x00000000cac00000, 0x00000000cac00000| Complete 
| 145|0x00000000cad00000, 0x00000000cae00000, 0x00000000cae00000|100%| E|CS|TAMS 0x00000000cad00000, 0x00000000cad00000| Complete 
| 146|0x00000000cae00000, 0x00000000caf00000, 0x00000000caf00000|100%| E|CS|TAMS 0x00000000cae00000, 0x00000000cae00000| Complete 
| 147|0x00000000caf00000, 0x00000000cb000000, 0x00000000cb000000|100%| E|CS|TAMS 0x00000000caf00000, 0x00000000caf00000| Complete 
| 148|0x00000000cb000000, 0x00000000cb100000, 0x00000000cb100000|100%| E|CS|TAMS 0x00000000cb000000, 0x00000000cb000000| Complete 
| 149|0x00000000cb100000, 0x00000000cb200000, 0x00000000cb200000|100%| E|CS|TAMS 0x00000000cb100000, 0x00000000cb100000| Complete 

Card table byte_map: [0x00000227a1cf0000,0x00000227a1ef0000] _byte_map_base: 0x00000227a16e2000

Marking Bits (Prev, Next): (CMBitMap*) 0x000002279b25e720, (CMBitMap*) 0x000002279b25e6e0
 Prev Bits: [0x00000227a3080000, 0x00000227a4010000)
 Next Bits: [0x00000227a20f0000, 0x00000227a3080000)

Polling page: 0x000002279a9e0000

Metaspace:

Usage:
  Non-class:     69.69 MB used.
      Class:     11.06 MB used.
       Both:     80.75 MB used.

Virtual space:
  Non-class space:       72.00 MB reserved,      70.00 MB ( 97%) committed,  9 nodes.
      Class space:        1.00 GB reserved,      11.31 MB (  1%) committed,  1 nodes.
             Both:        1.07 GB reserved,      81.31 MB (  7%) committed. 

Chunk freelists:
   Non-Class:  1.51 MB
       Class:  615.00 KB
        Both:  2.11 MB

MaxMetaspaceSize: unlimited
CompressedClassSpaceSize: 1.00 GB
Initial GC threshold: 21.00 MB
Current GC threshold: 135.56 MB
CDS: off
MetaspaceReclaimPolicy: balanced
 - commit_granule_bytes: 65536.
 - commit_granule_words: 8192.
 - virtual_space_node_default_size: 1048576.
 - enlarge_chunks_in_place: 1.
 - new_chunks_are_fully_committed: 0.
 - uncommit_free_chunks: 1.
 - use_allocation_guard: 0.
 - handle_deallocations: 1.


Internal statistics:

num_allocs_failed_limit: 9.
num_arena_births: 830.
num_arena_deaths: 12.
num_vsnodes_births: 10.
num_vsnodes_deaths: 0.
num_space_committed: 1301.
num_space_uncommitted: 0.
num_chunks_returned_to_freelist: 22.
num_chunks_taken_from_freelist: 3515.
num_chunk_merges: 6.
num_chunk_splits: 2497.
num_chunks_enlarged: 1938.
num_purges: 2.
num_inconsistent_stats: 0.

CodeCache: size=49152Kb used=13687Kb max_used=13687Kb free=35464Kb
 bounds [0x000002279e8c0000, 0x000002279f620000, 0x00000227a18c0000]
 total_blobs=7766 nmethods=7081 adapters=611
 compilation: enabled
              stopped_count=0, restarted_count=0
 full_count=0

Compilation events (20 events):
Event: 22.983 Thread 0x00000227a6a72540 nmethod 7071 0x000002279f611690 code [0x000002279f611860, 0x000002279f611ca8]
Event: 22.983 Thread 0x00000227a6a72540 7072       1       nonapi.io.github.classgraph.recycler.Recycler::acquire (53 bytes)
Event: 22.984 Thread 0x00000227a6a72540 nmethod 7072 0x000002279f611e10 code [0x000002279f611fc0, 0x000002279f612248]
Event: 22.984 Thread 0x00000227a6a72540 7073   !   1       nonapi.io.github.classgraph.fileslice.Slice$1::close (28 bytes)
Event: 22.985 Thread 0x00000227a6a72540 nmethod 7073 0x000002279f612390 code [0x000002279f6125a0, 0x000002279f612b68]
Event: 22.985 Thread 0x00000227a6a72540 7074       1       nonapi.io.github.classgraph.recycler.Recycler::recycle (67 bytes)
Event: 22.985 Thread 0x00000227a6a72540 nmethod 7074 0x000002279f612f90 code [0x000002279f613180, 0x000002279f6134e8]
Event: 22.985 Thread 0x00000227a6a72540 7075       1       nonapi.io.github.classgraph.fastzipfilereader.NestedJarHandler$RecyclableInflater::reset (8 bytes)
Event: 22.985 Thread 0x00000227a6a72540 nmethod 7075 0x000002279f613690 code [0x000002279f613820, 0x000002279f613908]
Event: 22.985 Thread 0x00000227a6a72540 7076       1       nonapi.io.github.classgraph.fastzipfilereader.ZipFileSlice::<init> (37 bytes)
Event: 22.985 Thread 0x00000227a6a72540 nmethod 7076 0x000002279f613a10 code [0x000002279f613ba0, 0x000002279f613df8]
Event: 22.985 Thread 0x00000227a6a72540 7077       1       nonapi.io.github.classgraph.fastzipfilereader.NestedJarHandler$8::read (60 bytes)
Event: 22.986 Thread 0x00000227a6a72540 nmethod 7077 0x000002279f613e90 code [0x000002279f614060, 0x000002279f614398]
Event: 22.986 Thread 0x00000227a6a72540 7078       1       nonapi.io.github.classgraph.fastzipfilereader.ZipFileSlice::appendPath (39 bytes)
Event: 22.986 Thread 0x00000227a6a72540 nmethod 7078 0x000002279f614590 code [0x000002279f614740, 0x000002279f6148c8]
Event: 22.989 Thread 0x00000227a8ef12d0 nmethod 7067 0x000002279f614a10 code [0x000002279f615600, 0x000002279f619d48]
Event: 23.006 Thread 0x00000227a8ef12d0 7079       1       jdk.internal.misc.Unsafe::allocateMemory (65 bytes)
Event: 23.006 Thread 0x00000227a6a72540 7080       1       jdk.internal.misc.Unsafe::alignToHeapWordSize (29 bytes)
Event: 23.006 Thread 0x00000227a6a72540 nmethod 7080 0x000002279f61cb10 code [0x000002279f61cca0, 0x000002279f61ce28]
Event: 23.006 Thread 0x00000227a8ef12d0 nmethod 7079 0x000002279f61cf10 code [0x000002279f61d140, 0x000002279f61d698]

GC Heap History (20 events):
Event: 19.503 GC heap before
{Heap before GC invocations=22 (full 0):
 garbage-first heap   total 92160K, used 75625K [0x00000000c1c00000, 0x0000000100000000)
  region size 1024K, 42 young (43008K), 4 survivors (4096K)
 Metaspace       used 75279K, committed 75840K, reserved 1122304K
  class space    used 10279K, committed 10560K, reserved 1048576K
}
Event: 19.510 GC heap after
{Heap after GC invocations=23 (full 0):
 garbage-first heap   total 92160K, used 38379K [0x00000000c1c00000, 0x0000000100000000)
  region size 1024K, 5 young (5120K), 5 survivors (5120K)
 Metaspace       used 75279K, committed 75840K, reserved 1122304K
  class space    used 10279K, committed 10560K, reserved 1048576K
}
Event: 20.480 GC heap before
{Heap before GC invocations=23 (full 0):
 garbage-first heap   total 92160K, used 76267K [0x00000000c1c00000, 0x0000000100000000)
  region size 1024K, 42 young (43008K), 5 survivors (5120K)
 Metaspace       used 77874K, committed 78400K, reserved 1122304K
  class space    used 10616K, committed 10880K, reserved 1048576K
}
Event: 20.487 GC heap after
{Heap after GC invocations=24 (full 0):
 garbage-first heap   total 92160K, used 40552K [0x00000000c1c00000, 0x0000000100000000)
  region size 1024K, 6 young (6144K), 6 survivors (6144K)
 Metaspace       used 77874K, committed 78400K, reserved 1122304K
  class space    used 10616K, committed 10880K, reserved 1048576K
}
Event: 20.908 GC heap before
{Heap before GC invocations=24 (full 0):
 garbage-first heap   total 92160K, used 75368K [0x00000000c1c00000, 0x0000000100000000)
  region size 1024K, 40 young (40960K), 6 survivors (6144K)
 Metaspace       used 79299K, committed 79808K, reserved 1122304K
  class space    used 10812K, committed 11072K, reserved 1048576K
}
Event: 20.915 GC heap after
{Heap after GC invocations=25 (full 0):
 garbage-first heap   total 92160K, used 42244K [0x00000000c1c00000, 0x0000000100000000)
  region size 1024K, 4 young (4096K), 4 survivors (4096K)
 Metaspace       used 79299K, committed 79808K, reserved 1122304K
  class space    used 10812K, committed 11072K, reserved 1048576K
}
Event: 21.380 GC heap before
{Heap before GC invocations=25 (full 0):
 garbage-first heap   total 92160K, used 76036K [0x00000000c1c00000, 0x0000000100000000)
  region size 1024K, 37 young (37888K), 4 survivors (4096K)
 Metaspace       used 80187K, committed 80704K, reserved 1122304K
  class space    used 10971K, committed 11200K, reserved 1048576K
}
Event: 21.387 GC heap after
{Heap after GC invocations=26 (full 0):
 garbage-first heap   total 92160K, used 43802K [0x00000000c1c00000, 0x0000000100000000)
  region size 1024K, 4 young (4096K), 4 survivors (4096K)
 Metaspace       used 80187K, committed 80704K, reserved 1122304K
  class space    used 10971K, committed 11200K, reserved 1048576K
}
Event: 21.749 GC heap before
{Heap before GC invocations=26 (full 0):
 garbage-first heap   total 92160K, used 76570K [0x00000000c1c00000, 0x0000000100000000)
  region size 1024K, 36 young (36864K), 4 survivors (4096K)
 Metaspace       used 81176K, committed 81728K, reserved 1122304K
  class space    used 11132K, committed 11392K, reserved 1048576K
}
Event: 21.755 GC heap after
{Heap after GC invocations=27 (full 0):
 garbage-first heap   total 92160K, used 45930K [0x00000000c1c00000, 0x0000000100000000)
  region size 1024K, 4 young (4096K), 4 survivors (4096K)
 Metaspace       used 81176K, committed 81728K, reserved 1122304K
  class space    used 11132K, committed 11392K, reserved 1048576K
}
Event: 22.204 GC heap before
{Heap before GC invocations=27 (full 0):
 garbage-first heap   total 92160K, used 72554K [0x00000000c1c00000, 0x0000000100000000)
  region size 1024K, 31 young (31744K), 4 survivors (4096K)
 Metaspace       used 82664K, committed 83264K, reserved 1122304K
  class space    used 11305K, committed 11584K, reserved 1048576K
}
Event: 22.213 GC heap after
{Heap after GC invocations=28 (full 0):
 garbage-first heap   total 92160K, used 48344K [0x00000000c1c00000, 0x0000000100000000)
  region size 1024K, 5 young (5120K), 5 survivors (5120K)
 Metaspace       used 82664K, committed 83264K, reserved 1122304K
  class space    used 11305K, committed 11584K, reserved 1048576K
}
Event: 22.340 GC heap before
{Heap before GC invocations=28 (full 0):
 garbage-first heap   total 128000K, used 78040K [0x00000000c1c00000, 0x0000000100000000)
  region size 1024K, 32 young (32768K), 5 survivors (5120K)
 Metaspace       used 82664K, committed 83264K, reserved 1122304K
  class space    used 11305K, committed 11584K, reserved 1048576K
}
Event: 22.352 GC heap after
{Heap after GC invocations=29 (full 0):
 garbage-first heap   total 153600K, used 54245K [0x00000000c1c00000, 0x0000000100000000)
  region size 1024K, 4 young (4096K), 4 survivors (4096K)
 Metaspace       used 82664K, committed 83264K, reserved 1122304K
  class space    used 11305K, committed 11584K, reserved 1048576K
}
Event: 22.749 GC heap before
{Heap before GC invocations=30 (full 0):
 garbage-first heap   total 153600K, used 123877K [0x00000000c1c00000, 0x0000000100000000)
  region size 1024K, 70 young (71680K), 4 survivors (4096K)
 Metaspace       used 82684K, committed 83264K, reserved 1122304K
  class space    used 11320K, committed 11584K, reserved 1048576K
}
Event: 22.768 GC heap after
{Heap after GC invocations=31 (full 0):
 garbage-first heap   total 153600K, used 70367K [0x00000000c1c00000, 0x0000000100000000)
  region size 1024K, 9 young (9216K), 9 survivors (9216K)
 Metaspace       used 82684K, committed 83264K, reserved 1122304K
  class space    used 11320K, committed 11584K, reserved 1048576K
}
Event: 22.771 GC heap before
{Heap before GC invocations=31 (full 0):
 garbage-first heap   total 153600K, used 71391K [0x00000000c1c00000, 0x0000000100000000)
  region size 1024K, 10 young (10240K), 9 survivors (9216K)
 Metaspace       used 82684K, committed 83264K, reserved 1122304K
  class space    used 11320K, committed 11584K, reserved 1048576K
}
Event: 22.778 GC heap after
{Heap after GC invocations=32 (full 0):
 garbage-first heap   total 153600K, used 72065K [0x00000000c1c00000, 0x0000000100000000)
  region size 1024K, 2 young (2048K), 2 survivors (2048K)
 Metaspace       used 82684K, committed 83264K, reserved 1122304K
  class space    used 11320K, committed 11584K, reserved 1048576K
}
Event: 22.944 GC heap before
{Heap before GC invocations=32 (full 0):
 garbage-first heap   total 153600K, used 99713K [0x00000000c1c00000, 0x0000000100000000)
  region size 1024K, 31 young (31744K), 2 survivors (2048K)
 Metaspace       used 82684K, committed 83264K, reserved 1122304K
  class space    used 11320K, committed 11584K, reserved 1048576K
}
Event: 22.953 GC heap after
{Heap after GC invocations=33 (full 0):
 garbage-first heap   total 153600K, used 80339K [0x00000000c1c00000, 0x0000000100000000)
  region size 1024K, 6 young (6144K), 6 survivors (6144K)
 Metaspace       used 82684K, committed 83264K, reserved 1122304K
  class space    used 11320K, committed 11584K, reserved 1048576K
}

Deoptimization events (20 events):
Event: 2.405 Thread 0x000002279b22c980 DEOPT PACKING pc=0x000002279ea3e90c sp=0x000000c849bfe2a0
Event: 2.405 Thread 0x000002279b22c980 DEOPT UNPACKING pc=0x000002279e912b43 sp=0x000000c849bfd768 mode 0
Event: 9.985 Thread 0x000002279b22c980 DEOPT PACKING pc=0x000002279ed7a499 sp=0x000000c849bfde00
Event: 9.985 Thread 0x000002279b22c980 DEOPT UNPACKING pc=0x000002279e912b43 sp=0x000000c849bfd2e0 mode 3
Event: 12.621 Thread 0x000002279b22c980 DEOPT PACKING pc=0x000002279f0836f5 sp=0x000000c849bfcc80
Event: 12.621 Thread 0x000002279b22c980 DEOPT UNPACKING pc=0x000002279e912b43 sp=0x000000c849bfc0f0 mode 3
Event: 12.634 Thread 0x000002279b22c980 DEOPT PACKING pc=0x000002279f099919 sp=0x000000c849bfe100
Event: 12.634 Thread 0x000002279b22c980 DEOPT UNPACKING pc=0x000002279e912b43 sp=0x000000c849bfd5e8 mode 3
Event: 13.169 Thread 0x000002279b22c980 DEOPT PACKING pc=0x000002279f14c00a sp=0x000000c849bfde70
Event: 13.169 Thread 0x000002279b22c980 DEOPT UNPACKING pc=0x000002279e912b43 sp=0x000000c849bfd408 mode 0
Event: 13.597 Thread 0x000002279b22c980 DEOPT PACKING pc=0x000002279f1e24fd sp=0x000000c849bfd760
Event: 13.597 Thread 0x000002279b22c980 DEOPT UNPACKING pc=0x000002279e912b43 sp=0x000000c849bfccc8 mode 3
Event: 14.118 Thread 0x000002279b22c980 DEOPT PACKING pc=0x000002279ecc94d2 sp=0x000000c849bf6000
Event: 14.118 Thread 0x000002279b22c980 DEOPT UNPACKING pc=0x000002279e912b43 sp=0x000000c849bf5508 mode 3
Event: 14.628 Thread 0x000002279b22c980 DEOPT PACKING pc=0x000002279f0fc944 sp=0x000000c849bfb160
Event: 14.628 Thread 0x000002279b22c980 DEOPT UNPACKING pc=0x000002279e912b43 sp=0x000000c849bfa5f8 mode 3
Event: 20.309 Thread 0x000002279b22c980 DEOPT PACKING pc=0x000002279ed7ea94 sp=0x000000c849bfc720
Event: 20.309 Thread 0x000002279b22c980 DEOPT UNPACKING pc=0x000002279e912b43 sp=0x000000c849bfbc78 mode 0
Event: 22.049 Thread 0x000002279b22c980 DEOPT PACKING pc=0x000002279f51bcab sp=0x000000c849bfd060
Event: 22.049 Thread 0x000002279b22c980 DEOPT UNPACKING pc=0x000002279e912b43 sp=0x000000c849bfc5a8 mode 3

Classes unloaded (6 events):
Event: 12.034 Thread 0x00000227a6a00d70 Unloading class 0x00000001001b9000 'java/lang/invoke/LambdaForm$MH+0x00000001001b9000'
Event: 12.034 Thread 0x00000227a6a00d70 Unloading class 0x00000001001b8800 'java/lang/invoke/LambdaForm$MH+0x00000001001b8800'
Event: 12.034 Thread 0x00000227a6a00d70 Unloading class 0x00000001001b8000 'java/lang/invoke/LambdaForm$MH+0x00000001001b8000'
Event: 12.034 Thread 0x00000227a6a00d70 Unloading class 0x00000001001b3800 'java/lang/invoke/LambdaForm$MH+0x00000001001b3800'
Event: 12.034 Thread 0x00000227a6a00d70 Unloading class 0x00000001001b3000 'java/lang/invoke/LambdaForm$MH+0x00000001001b3000'
Event: 12.034 Thread 0x00000227a6a00d70 Unloading class 0x00000001001b2800 'java/lang/invoke/LambdaForm$MH+0x00000001001b2800'

Classes redefined (0 events):
No events

Internal exceptions (20 events):
Event: 22.933 Thread 0x00000227abc9f880 Exception <a 'sun/nio/fs/WindowsException'{0x00000000c99947f0}> (0x00000000c99947f0) 
thrown [e:\jenkins\tmp\workspace\build\src\src\hotspot\share\prims\jni.cpp, line 516]
Event: 22.933 Thread 0x00000227abc9f880 Exception <a 'sun/nio/fs/WindowsException'{0x00000000c9994b40}> (0x00000000c9994b40) 
thrown [e:\jenkins\tmp\workspace\build\src\src\hotspot\share\prims\jni.cpp, line 516]
Event: 22.933 Thread 0x00000227abc9f880 Exception <a 'sun/nio/fs/WindowsException'{0x00000000c9995500}> (0x00000000c9995500) 
thrown [e:\jenkins\tmp\workspace\build\src\src\hotspot\share\prims\jni.cpp, line 516]
Event: 22.933 Thread 0x00000227abc9f880 Exception <a 'sun/nio/fs/WindowsException'{0x00000000c9995880}> (0x00000000c9995880) 
thrown [e:\jenkins\tmp\workspace\build\src\src\hotspot\share\prims\jni.cpp, line 516]
Event: 22.934 Thread 0x00000227abc9f880 Exception <a 'sun/nio/fs/WindowsException'{0x00000000c9996218}> (0x00000000c9996218) 
thrown [e:\jenkins\tmp\workspace\build\src\src\hotspot\share\prims\jni.cpp, line 516]
Event: 22.934 Thread 0x00000227abc9f880 Exception <a 'sun/nio/fs/WindowsException'{0x00000000c9996568}> (0x00000000c9996568) 
thrown [e:\jenkins\tmp\workspace\build\src\src\hotspot\share\prims\jni.cpp, line 516]
Event: 22.934 Thread 0x00000227abc9f880 Exception <a 'sun/nio/fs/WindowsException'{0x00000000c9996ed8}> (0x00000000c9996ed8) 
thrown [e:\jenkins\tmp\workspace\build\src\src\hotspot\share\prims\jni.cpp, line 516]
Event: 22.934 Thread 0x00000227abc9f880 Exception <a 'sun/nio/fs/WindowsException'{0x00000000c99971f8}> (0x00000000c99971f8) 
thrown [e:\jenkins\tmp\workspace\build\src\src\hotspot\share\prims\jni.cpp, line 516]
Event: 22.934 Thread 0x00000227abc9f880 Exception <a 'sun/nio/fs/WindowsException'{0x00000000c9997b70}> (0x00000000c9997b70) 
thrown [e:\jenkins\tmp\workspace\build\src\src\hotspot\share\prims\jni.cpp, line 516]
Event: 22.934 Thread 0x00000227abc9f880 Exception <a 'sun/nio/fs/WindowsException'{0x00000000c9997ea0}> (0x00000000c9997ea0) 
thrown [e:\jenkins\tmp\workspace\build\src\src\hotspot\share\prims\jni.cpp, line 516]
Event: 22.934 Thread 0x00000227abc9f880 Exception <a 'sun/nio/fs/WindowsException'{0x00000000c9998810}> (0x00000000c9998810) 
thrown [e:\jenkins\tmp\workspace\build\src\src\hotspot\share\prims\jni.cpp, line 516]
Event: 22.934 Thread 0x00000227abc9f880 Exception <a 'sun/nio/fs/WindowsException'{0x00000000c9998b30}> (0x00000000c9998b30) 
thrown [e:\jenkins\tmp\workspace\build\src\src\hotspot\share\prims\jni.cpp, line 516]
Event: 22.934 Thread 0x00000227abc9f880 Exception <a 'sun/nio/fs/WindowsException'{0x00000000c99994a8}> (0x00000000c99994a8) 
thrown [e:\jenkins\tmp\workspace\build\src\src\hotspot\share\prims\jni.cpp, line 516]
Event: 22.934 Thread 0x00000227abc9f880 Exception <a 'sun/nio/fs/WindowsException'{0x00000000c99997d8}> (0x00000000c99997d8) 
thrown [e:\jenkins\tmp\workspace\build\src\src\hotspot\share\prims\jni.cpp, line 516]
Event: 22.934 Thread 0x00000227abc9f880 Exception <a 'sun/nio/fs/WindowsException'{0x00000000c999a170}> (0x00000000c999a170) 
thrown [e:\jenkins\tmp\workspace\build\src\src\hotspot\share\prims\jni.cpp, line 516]
Event: 22.934 Thread 0x00000227abc9f880 Exception <a 'sun/nio/fs/WindowsException'{0x00000000c999a4c0}> (0x00000000c999a4c0) 
thrown [e:\jenkins\tmp\workspace\build\src\src\hotspot\share\prims\jni.cpp, line 516]
Event: 22.934 Thread 0x00000227abc9f880 Exception <a 'sun/nio/fs/WindowsException'{0x00000000c999ae68}> (0x00000000c999ae68) 
thrown [e:\jenkins\tmp\workspace\build\src\src\hotspot\share\prims\jni.cpp, line 516]
Event: 22.934 Thread 0x00000227abc9f880 Exception <a 'sun/nio/fs/WindowsException'{0x00000000c999b1c8}> (0x00000000c999b1c8) 
thrown [e:\jenkins\tmp\workspace\build\src\src\hotspot\share\prims\jni.cpp, line 516]
Event: 22.934 Thread 0x00000227abc9f880 Exception <a 'sun/nio/fs/WindowsException'{0x00000000c999bb68}> (0x00000000c999bb68) 
thrown [e:\jenkins\tmp\workspace\build\src\src\hotspot\share\prims\jni.cpp, line 516]
Event: 22.934 Thread 0x00000227abc9f880 Exception <a 'sun/nio/fs/WindowsException'{0x00000000c999bec8}> (0x00000000c999bec8) 
thrown [e:\jenkins\tmp\workspace\build\src\src\hotspot\share\prims\jni.cpp, line 516]

VM Operations (20 events):
Event: 23.046 Executing VM operation: ICBufferFull done
Event: 23.046 Executing VM operation: ICBufferFull
Event: 23.046 Executing VM operation: ICBufferFull done
Event: 23.047 Executing VM operation: ICBufferFull
Event: 23.047 Executing VM operation: ICBufferFull done
Event: 23.047 Executing VM operation: ICBufferFull
Event: 23.047 Executing VM operation: ICBufferFull done
Event: 23.049 Executing VM operation: ICBufferFull
Event: 23.049 Executing VM operation: ICBufferFull done
Event: 23.050 Executing VM operation: ICBufferFull
Event: 23.050 Executing VM operation: ICBufferFull done
Event: 23.050 Executing VM operation: ICBufferFull
Event: 23.050 Executing VM operation: ICBufferFull done
Event: 23.050 Executing VM operation: ICBufferFull
Event: 23.051 Executing VM operation: ICBufferFull done
Event: 23.052 Executing VM operation: ICBufferFull
Event: 23.053 Executing VM operation: ICBufferFull done
Event: 23.053 Executing VM operation: ICBufferFull
Event: 23.054 Executing VM operation: ICBufferFull done
Event: 23.054 Executing VM operation: G1Concurrent

Events (20 events):
Event: 22.825 Thread 0x00000227abca0220 Thread exited: 0x00000227abca0220
Event: 22.825 Thread 0x00000227abca28a0 Thread exited: 0x00000227abca28a0
Event: 22.825 Thread 0x00000227abc9fd50 Thread exited: 0x00000227abc9fd50
Event: 22.825 Thread 0x00000227abca4a50 Thread exited: 0x00000227abca4a50
Event: 22.825 Thread 0x00000227abca1a30 Thread exited: 0x00000227abca1a30
Event: 22.825 Thread 0x00000227abca23d0 Thread exited: 0x00000227abca23d0
Event: 22.925 Thread 0x00000227abca28a0 Thread added: 0x00000227abca28a0
Event: 22.925 Thread 0x00000227abc9f880 Thread added: 0x00000227abc9f880
Event: 22.925 Thread 0x00000227abca3710 Thread added: 0x00000227abca3710
Event: 22.925 Thread 0x00000227abca53f0 Thread added: 0x00000227abca53f0
Event: 22.926 Thread 0x00000227abc9e070 Thread added: 0x00000227abc9e070
Event: 22.926 Thread 0x00000227abca3be0 Thread added: 0x00000227abca3be0
Event: 22.926 Thread 0x00000227abc9ea10 Thread added: 0x00000227abc9ea10
Event: 22.926 Thread 0x00000227abc9e540 Thread added: 0x00000227abc9e540
Event: 22.926 Thread 0x00000227abca1090 Thread added: 0x00000227abca1090
Event: 22.926 Thread 0x00000227abca3240 Thread added: 0x00000227abca3240
Event: 22.927 Thread 0x00000227abca06f0 Thread added: 0x00000227abca06f0
Event: 22.927 Thread 0x00000227abca0220 Thread added: 0x00000227abca0220
Event: 22.927 Thread 0x00000227abc9eee0 Thread added: 0x00000227abc9eee0
Event: 22.927 Thread 0x00000227abc9fd50 Thread added: 0x00000227abc9fd50


Dynamic libraries:
0x00007ff745ed0000 - 0x00007ff745ede000 	C:\Users\ranji\Downloads\sts-4.14.1.RELEASE\plugins\org.eclipse.justj.openjdk.hotspot.jre.full.win32.x86_64_17.0.2.v20220201-1208\jre\bin\javaw.exe
0x00007ff81f6f0000 - 0x00007ff81f907000 	C:\WINDOWS\SYSTEM32\ntdll.dll
0x00007ff81f360000 - 0x00007ff81f424000 	C:\WINDOWS\System32\KERNEL32.DLL
0x00007ff81ce50000 - 0x00007ff81d1f6000 	C:\WINDOWS\System32\KERNELBASE.dll
0x00007ff81d320000 - 0x00007ff81d431000 	C:\WINDOWS\System32\ucrtbase.dll
0x00007ff816d40000 - 0x00007ff816d58000 	C:\Users\ranji\Downloads\sts-4.14.1.RELEASE\plugins\org.eclipse.justj.openjdk.hotspot.jre.full.win32.x86_64_17.0.2.v20220201-1208\jre\bin\jli.dll
0x00007ff80e7f0000 - 0x00007ff80e809000 	C:\Users\ranji\Downloads\sts-4.14.1.RELEASE\plugins\org.eclipse.justj.openjdk.hotspot.jre.full.win32.x86_64_17.0.2.v20220201-1208\jre\bin\VCRUNTIME140.dll
0x00007ff81d440000 - 0x00007ff81d5ee000 	C:\WINDOWS\System32\USER32.dll
0x00007fffff9a0000 - 0x00007fffffc33000 	C:\WINDOWS\WinSxS\amd64_microsoft.windows.common-controls_6595b64144ccf1df_6.0.22621.2506_none_270c5ae97388e100\COMCTL32.dll
0x00007ff81d200000 - 0x00007ff81d226000 	C:\WINDOWS\System32\win32u.dll
0x00007ff81ead0000 - 0x00007ff81eb77000 	C:\WINDOWS\System32\msvcrt.dll
0x00007ff81e210000 - 0x00007ff81e239000 	C:\WINDOWS\System32\GDI32.dll
0x00007ff81cd30000 - 0x00007ff81ce48000 	C:\WINDOWS\System32\gdi32full.dll
0x00007ff81ca30000 - 0x00007ff81caca000 	C:\WINDOWS\System32\msvcp_win.dll
0x00007ff81e1d0000 - 0x00007ff81e201000 	C:\WINDOWS\System32\IMM32.DLL
0x00007ff817b00000 - 0x00007ff817b0c000 	C:\Users\ranji\Downloads\sts-4.14.1.RELEASE\plugins\org.eclipse.justj.openjdk.hotspot.jre.full.win32.x86_64_17.0.2.v20220201-1208\jre\bin\vcruntime140_1.dll
0x00007fffedea0000 - 0x00007fffedf31000 	C:\Users\ranji\Downloads\sts-4.14.1.RELEASE\plugins\org.eclipse.justj.openjdk.hotspot.jre.full.win32.x86_64_17.0.2.v20220201-1208\jre\bin\msvcp140.dll
0x00007fffa3ec0000 - 0x00007fffa4b07000 	C:\Users\ranji\Downloads\sts-4.14.1.RELEASE\plugins\org.eclipse.justj.openjdk.hotspot.jre.full.win32.x86_64_17.0.2.v20220201-1208\jre\bin\server\jvm.dll
0x00007ff81f5f0000 - 0x00007ff81f6a3000 	C:\WINDOWS\System32\ADVAPI32.dll
0x00007ff81d670000 - 0x00007ff81d718000 	C:\WINDOWS\System32\sechost.dll
0x00007ff81cd00000 - 0x00007ff81cd28000 	C:\WINDOWS\System32\bcrypt.dll
0x00007ff81dbd0000 - 0x00007ff81dce7000 	C:\WINDOWS\System32\RPCRT4.dll
0x00007ff81f430000 - 0x00007ff81f438000 	C:\WINDOWS\System32\PSAPI.DLL
0x00007ff816830000 - 0x00007ff81683a000 	C:\WINDOWS\SYSTEM32\VERSION.dll
0x00007ff816bd0000 - 0x00007ff816c04000 	C:\WINDOWS\SYSTEM32\WINMM.dll
0x00007ff805ae0000 - 0x00007ff805ae9000 	C:\WINDOWS\SYSTEM32\WSOCK32.dll
0x00007ff81d5f0000 - 0x00007ff81d661000 	C:\WINDOWS\System32\WS2_32.dll
0x00007ff81ba20000 - 0x00007ff81ba38000 	C:\WINDOWS\SYSTEM32\kernel.appcore.dll
0x00007ff817b50000 - 0x00007ff817b5a000 	C:\Users\ranji\Downloads\sts-4.14.1.RELEASE\plugins\org.eclipse.justj.openjdk.hotspot.jre.full.win32.x86_64_17.0.2.v20220201-1208\jre\bin\jimage.dll
0x00007ff81a4c0000 - 0x00007ff81a6f3000 	C:\WINDOWS\SYSTEM32\DBGHELP.DLL
0x00007ff81dcf0000 - 0x00007ff81e079000 	C:\WINDOWS\System32\combase.dll
0x00007ff81da80000 - 0x00007ff81db57000 	C:\WINDOWS\System32\OLEAUT32.dll
0x00007ff810920000 - 0x00007ff810952000 	C:\WINDOWS\SYSTEM32\dbgcore.DLL
0x00007ff81d230000 - 0x00007ff81d2aa000 	C:\WINDOWS\System32\bcryptPrimitives.dll
0x00007ff8100a0000 - 0x00007ff8100c5000 	C:\Users\ranji\Downloads\sts-4.14.1.RELEASE\plugins\org.eclipse.justj.openjdk.hotspot.jre.full.win32.x86_64_17.0.2.v20220201-1208\jre\bin\java.dll
0x00007ff811540000 - 0x00007ff811558000 	C:\Users\ranji\Downloads\sts-4.14.1.RELEASE\plugins\org.eclipse.justj.openjdk.hotspot.jre.full.win32.x86_64_17.0.2.v20220201-1208\jre\bin\zip.dll
0x00007ff81e240000 - 0x00007ff81ea9a000 	C:\WINDOWS\System32\SHELL32.dll
0x00007ff81a930000 - 0x00007ff81b226000 	C:\WINDOWS\SYSTEM32\windows.storage.dll
0x00007ff81a7f0000 - 0x00007ff81a92e000 	C:\WINDOWS\SYSTEM32\wintypes.dll
0x00007ff81f4f0000 - 0x00007ff81f5e3000 	C:\WINDOWS\System32\SHCORE.dll
0x00007ff81f260000 - 0x00007ff81f2be000 	C:\WINDOWS\System32\shlwapi.dll
0x00007ff81c960000 - 0x00007ff81c986000 	C:\WINDOWS\SYSTEM32\profapi.dll
0x00007ff80e9b0000 - 0x00007ff80e9c9000 	C:\Users\ranji\Downloads\sts-4.14.1.RELEASE\plugins\org.eclipse.justj.openjdk.hotspot.jre.full.win32.x86_64_17.0.2.v20220201-1208\jre\bin\net.dll
0x00007ff816e40000 - 0x00007ff816f77000 	C:\WINDOWS\SYSTEM32\WINHTTP.dll
0x00007ff81bea0000 - 0x00007ff81bf09000 	C:\WINDOWS\system32\mswsock.dll
0x00007ff80e860000 - 0x00007ff80e875000 	C:\Users\ranji\Downloads\sts-4.14.1.RELEASE\plugins\org.eclipse.justj.openjdk.hotspot.jre.full.win32.x86_64_17.0.2.v20220201-1208\jre\bin\nio.dll
0x00007ff8105d0000 - 0x00007ff8105d9000 	C:\Users\ranji\Downloads\sts-4.14.1.RELEASE\plugins\org.eclipse.justj.openjdk.hotspot.jre.full.win32.x86_64_17.0.2.v20220201-1208\jre\bin\management.dll
0x00007ff80e850000 - 0x00007ff80e85b000 	C:\Users\ranji\Downloads\sts-4.14.1.RELEASE\plugins\org.eclipse.justj.openjdk.hotspot.jre.full.win32.x86_64_17.0.2.v20220201-1208\jre\bin\management_ext.dll
0x00007ff800640000 - 0x00007ff800657000 	C:\WINDOWS\system32\napinsp.dll
0x00007ff800620000 - 0x00007ff80063b000 	C:\WINDOWS\system32\pnrpnsp.dll
0x00007ff81b500000 - 0x00007ff81b5f9000 	C:\WINDOWS\SYSTEM32\DNSAPI.dll
0x00007ff81b490000 - 0x00007ff81b4bd000 	C:\WINDOWS\SYSTEM32\IPHLPAPI.DLL
0x00007ff81eac0000 - 0x00007ff81eac9000 	C:\WINDOWS\System32\NSI.dll
0x00007ff800010000 - 0x00007ff800021000 	C:\WINDOWS\System32\winrnr.dll
0x00007ffffffd0000 - 0x00007ffffffe5000 	C:\WINDOWS\system32\wshbth.dll
0x00007ffffffa0000 - 0x00007ffffffc1000 	C:\WINDOWS\system32\nlansp_c.dll
0x00007ff80e6a0000 - 0x00007ff80e6aa000 	C:\Windows\System32\rasadhlp.dll
0x00007ff8161a0000 - 0x00007ff816223000 	C:\WINDOWS\System32\fwpuclnt.dll
0x00007ff81c110000 - 0x00007ff81c12b000 	C:\WINDOWS\SYSTEM32\CRYPTSP.dll
0x00007ff81b980000 - 0x00007ff81b9b5000 	C:\WINDOWS\system32\rsaenh.dll
0x00007ff81bf70000 - 0x00007ff81bf9c000 	C:\WINDOWS\SYSTEM32\USERENV.dll
0x00007ff81c130000 - 0x00007ff81c13c000 	C:\WINDOWS\SYSTEM32\CRYPTBASE.dll
0x00007ff816e20000 - 0x00007ff816e39000 	C:\WINDOWS\SYSTEM32\dhcpcsvc6.DLL
0x00007ff816e00000 - 0x00007ff816e1f000 	C:\WINDOWS\SYSTEM32\dhcpcsvc.DLL
0x00007ff817b30000 - 0x00007ff817b40000 	C:\Users\ranji\Downloads\sts-4.14.1.RELEASE\plugins\org.eclipse.justj.openjdk.hotspot.jre.full.win32.x86_64_17.0.2.v20220201-1208\jre\bin\verify.dll
0x00007ff817960000 - 0x00007ff81796e000 	C:\Users\ranji\Downloads\sts-4.14.1.RELEASE\plugins\org.eclipse.justj.openjdk.hotspot.jre.full.win32.x86_64_17.0.2.v20220201-1208\jre\bin\sunmscapi.dll
0x00007ff81cb90000 - 0x00007ff81ccf6000 	C:\WINDOWS\System32\CRYPT32.dll
0x00007ff81c2f0000 - 0x00007ff81c31e000 	C:\WINDOWS\SYSTEM32\ncrypt.dll
0x00007ff81c2b0000 - 0x00007ff81c2e7000 	C:\WINDOWS\SYSTEM32\NTASN1.dll

dbghelp: loaded successfully - version: 4.0.5 - missing functions: none
symbol engine: initialized successfully - sym options: 0x614 - pdb path: .;C:\Users\ranji\Downloads\sts-4.14.1.RELEASE\plugins\org.eclipse.justj.openjdk.hotspot.jre.full.win32.x86_64_17.0.2.v20220201-1208\jre\bin;C:\WINDOWS\SYSTEM32;C:\WINDOWS\WinSxS\amd64_microsoft.windows.common-controls_6595b64144ccf1df_6.0.22621.2506_none_270c5ae97388e100;C:\Users\ranji\Downloads\sts-4.14.1.RELEASE\plugins\org.eclipse.justj.openjdk.hotspot.jre.full.win32.x86_64_17.0.2.v20220201-1208\jre\bin\server

VM Arguments:
jvm_args: -Dcom.sun.management.jmxremote -Dcom.sun.management.jmxremote.port=51234 -Dcom.sun.management.jmxremote.authenticate=false -Dcom.sun.management.jmxremote.ssl=false -Djava.rmi.server.hostname=localhost -Dspring.jmx.enabled=true -Dspring.application.admin.enabled=true -XX:TieredStopAtLevel=1 -Dspring.boot.project.name=JobMicroservice -Dfile.encoding=UTF-8 -XX:+ShowCodeDetailsInExceptionMessages 
java_command: com.ranjith.JobMicroserviceApplication --spring.output.ansi.enabled=always
java_class_path (initial): C:\Users\ranji\OneDrive\Desktop\JobApplication\JobMicroservice\target\classes;C:\Users\ranji\.m2\repository\org\springframework\boot\spring-boot-starter-actuator\3.1.2\spring-boot-starter-actuator-3.1.2.jar;C:\Users\ranji\.m2\repository\org\springframework\boot\spring-boot-actuator-autoconfigure\3.1.2\spring-boot-actuator-autoconfigure-3.1.2.jar;C:\Users\ranji\.m2\repository\org\springframework\boot\spring-boot-actuator\3.1.2\spring-boot-actuator-3.1.2.jar;C:\Users\ranji\.m2\repository\com\fasterxml\jackson\datatype\jackson-datatype-jsr310\2.15.2\jackson-datatype-jsr310-2.15.2.jar;C:\Users\ranji\.m2\repository\io\micrometer\micrometer-observation\1.11.2\micrometer-observation-1.11.2.jar;C:\Users\ranji\.m2\repository\io\micrometer\micrometer-commons\1.11.2\micrometer-commons-1.11.2.jar;C:\Users\ranji\.m2\repository\io\micrometer\micrometer-core\1.11.2\micrometer-core-1.11.2.jar;C:\Users\ranji\.m2\repository\org\hdrhistogram\HdrHistogram\2.1.12\HdrHistogram-2.1.12.jar;C:\Users\ranji\.m2\repository\org\latencyutils\LatencyUtils\2.0.3\LatencyUtils-2.0.3.jar;C:\Users\ranji\.m2\repository\org\springframework\cloud\spring-cloud-starter-config\4.0.4\spring-cloud-starter-config-4.0.4.jar;C:\Users\ranji\.m2\repository\org\springframework\cloud\spring-cloud-starter\4.0.4\spring-cloud-starter-4.0.4.jar;C:\Users\ranji\.m2\repository\org\springframework\cloud\spring-cloud-context\4.0.4\spring-cloud-context-4.0.4.jar;C:\Users\ranji\.m2\repository\org\springframework\security\spring-security-rsa\1.0.12.RELEASE\spring-security-rsa-1.0.12.RELEASE.jar;C:\Users\ranji\.m2\repository\org\bouncycastle\bcpkix-jdk18on\1.73\bcpkix-jdk18on-1.73.jar;C:\Users\ranji\.m2\repository\org\bouncycastle\bcprov-jdk18on\1.73\bcprov-jdk18on-1.73.jar;C:\Users\ranji\.m2\repository\org\bouncycastle\bcutil-jdk18on\1.73\bcutil-jdk18on-1.73.jar;C:\Users\ranji\.m2\repository\org\springframework\cloud\spring-cloud-config-client\4.0.4\spring-cloud-config-client-4.0.4.jar;C:\Users\ranj
Launcher Type: SUN_STANDARD

[Global flags]
     intx CICompilerCount                          = 4                                         {product} {ergonomic}
     uint ConcGCThreads                            = 2                                         {product} {ergonomic}
     uint G1ConcRefinementThreads                  = 8                                         {product} {ergonomic}
   size_t G1HeapRegionSize                         = 1048576                                   {product} {ergonomic}
    uintx GCDrainStackTargetSize                   = 64                                        {product} {ergonomic}
   size_t InitialHeapSize                          = 67108864                                  {product} {ergonomic}
     bool ManagementServer                         = true                                      {product} {command line}
   size_t MarkStackSize                            = 4194304                                   {product} {ergonomic}
   size_t MaxHeapSize                              = 1044381696                                {product} {ergonomic}
   size_t MaxNewSize                               = 625999872                                 {product} {ergonomic}
   size_t MinHeapDeltaBytes                        = 1048576                                   {product} {ergonomic}
   size_t MinHeapSize                              = 8388608                                   {product} {ergonomic}
    uintx NonProfiledCodeHeapSize                  = 0                                      {pd product} {ergonomic}
     bool ProfileInterpreter                       = false                                  {pd product} {command line}
    uintx ProfiledCodeHeapSize                     = 0                                      {pd product} {ergonomic}
     bool ShowCodeDetailsInExceptionMessages       = true                                   {manageable} {command line}
   size_t SoftMaxHeapSize                          = 1044381696                             {manageable} {ergonomic}
     intx TieredStopAtLevel                        = 1                                         {product} {command line}
     bool UseCompressedClassPointers               = true                           {product lp64_product} {ergonomic}
     bool UseCompressedOops                        = true                           {product lp64_product} {ergonomic}
     bool UseG1GC                                  = true                                      {product} {ergonomic}
     bool UseLargePagesIndividualAllocation        = false                                  {pd product} {ergonomic}

Logging:
Log output configuration:
 #0: stdout all=warning uptime,level,tags
 #1: stderr all=off uptime,level,tags

Environment Variables:
JAVA_HOME=C:\Program Files\Java\jdk-11
PATH=C:/Users/ranji/Downloads/sts-4.14.1.RELEASE//plugins/org.eclipse.justj.openjdk.hotspot.jre.full.win32.x86_64_17.0.2.v20220201-1208/jre/bin/server;C:/Users/ranji/Downloads/sts-4.14.1.RELEASE//plugins/org.eclipse.justj.openjdk.hotspot.jre.full.win32.x86_64_17.0.2.v20220201-1208/jre/bin;C:\Program Files (x86)\Common Files\Oracle\Java\javapath;D:\JRTP\JRTP_Coding\apache-maven-3.9.2\bin;C:\Program Files\Common Files\Oracle\Java\javapath;C:\WINDOWS\system32;C:\WINDOWS;C:\WINDOWS\System32\Wbem;C:\WINDOWS\System32\WindowsPowerShell\v1.0\;C:\WINDOWS\System32\OpenSSH\;C:\Program Files\Docker\Docker\resources\bin;C:\ProgramData\DockerDesktop\version-bin;C:\Program Files\Git\cmd;C:\Program Files\Microsoft SQL Server\150\Tools\Binn\;C:\Program Files\MySQL\MySQL Shell 8.0\bin\;C:\Users\ranji\AppData\Local\Microsoft\WindowsApps;;C:\Users\ranji\AppData\Local\Programs\Microsoft VS Code\bin;C:\Users\ranji\Downloads\sts-4.14.1.RELEASE;
USERNAME=ranji
OS=Windows_NT
PROCESSOR_IDENTIFIER=Intel64 Family 6 Model 142 Stepping 12, GenuineIntel



---------------  S Y S T E M  ---------------

OS:
 Windows 11 , 64 bit Build 22621 (10.0.22621.2506)
OS uptime: 14 days 12:01 hours
Hyper-V role detected

CPU: total 8 (initial active 8) (4 cores per cpu, 2 threads per core) family 6 model 142 stepping 12 microcode 0xde, cx8, cmov, fxsr, ht, mmx, 3dnowpref, sse, sse2, sse3, ssse3, sse4.1, sse4.2, popcnt, lzcnt, tsc, tscinvbit, avx, avx2, aes, erms, clmul, bmi1, bmi2, adx, fma, vzeroupper, clflush, clflushopt, hv

Memory: 4k page, system-wide physical 3982M (73M free)
TotalPageFile size 16270M (AvailPageFile size 33M)
current process WorkingSet (physical memory assigned to process): 246M, peak: 251M
current process commit charge ("private bytes"): 365M, peak: 404M

vm_info: OpenJDK 64-Bit Server VM (17.0.2+8) for windows-amd64 JRE (17.0.2+8), built on Jan 20 2022 04:52:34 by "" with MS VC++ 16.7 (VS2019)

END.
