#
# There is insufficient memory for the Java Runtime Environment to continue.
# Native memory allocation (mmap) failed to map 241172480 bytes for G1 virtual space
# Possible reasons:
#   The system is out of physical RAM or swap space
#   The process is running with CompressedOops enabled, and the Java Heap may be blocking the growth of the native heap
# Possible solutions:
#   Reduce memory load on the system
#   Increase physical memory or swap space
#   Check if swap backing store is full
#   Decrease Java heap size (-Xmx/-Xms)
#   Decrease number of Java threads
#   Decrease Java thread stack sizes (-Xss)
#   Set larger code cache with -XX:ReservedCodeCacheSize=
#   JVM is running with Unscaled Compressed Oops mode in which the Java heap is
#     placed in the first 4GB address space. The Java Heap base address is the
#     maximum limit for the native heap growth. Please use -XX:HeapBaseMinAddress
#     to set the Java Heap base and to place the Java Heap above 4GB virtual address.
# This output file may be truncated or incomplete.
#
#  Out of Memory Error (os_windows.cpp:3532), pid=15640, tid=15324
#
# JRE version: OpenJDK Runtime Environment Temurin-17.0.2+8 (17.0.2+8) (build 17.0.2+8)
# Java VM: OpenJDK 64-Bit Server VM Temurin-17.0.2+8 (17.0.2+8, mixed mode, emulated-client, tiered, compressed oops, compressed class ptrs, g1 gc, windows-amd64)
# No core dump will be written. Minidumps are not enabled by default on client versions of Windows
#

---------------  S U M M A R Y ------------

Command Line: -Dcom.sun.management.jmxremote -Dcom.sun.management.jmxremote.port=51280 -Dcom.sun.management.jmxremote.authenticate=false -Dcom.sun.management.jmxremote.ssl=false -Djava.rmi.server.hostname=localhost -Dspring.jmx.enabled=true -Dspring.application.admin.enabled=true -XX:TieredStopAtLevel=1 -Dspring.boot.project.name=JobMicroservice -Dfile.encoding=UTF-8 -XX:+ShowCodeDetailsInExceptionMessages com.ranjith.JobMicroserviceApplication --spring.output.ansi.enabled=always

Host: Intel(R) Core(TM) i5-8265U CPU @ 1.60GHz, 8 cores, 3G,  Windows 11 , 64 bit Build 22621 (10.0.22621.2506)
Time: Fri Feb 16 21:07:01 2024 India Standard Time elapsed time: 18.562040 seconds (0d 0h 0m 18s)

---------------  T H R E A D  ---------------

Current thread (0x00000179f3796930):  VMThread "VM Thread" [stack: 0x0000003b94200000,0x0000003b94300000] [id=15324]

Stack: [0x0000003b94200000,0x0000003b94300000]
Native frames: (J=compiled Java code, j=interpreted, Vv=VM code, C=native code)
V  [jvm.dll+0x67564a]
V  [jvm.dll+0x82fc04]
V  [jvm.dll+0x8313ae]
V  [jvm.dll+0x831a13]
V  [jvm.dll+0x245235]
V  [jvm.dll+0x672539]
V  [jvm.dll+0x666e82]
V  [jvm.dll+0x30401b]
V  [jvm.dll+0x30b566]
V  [jvm.dll+0x35b1fe]
V  [jvm.dll+0x35b42f]
V  [jvm.dll+0x2daf58]
V  [jvm.dll+0x2d920c]
V  [jvm.dll+0x2d87dc]
V  [jvm.dll+0x31c61b]
V  [jvm.dll+0x835ebb]
V  [jvm.dll+0x836bf4]
V  [jvm.dll+0x83710c]
V  [jvm.dll+0x8374e4]
V  [jvm.dll+0x8375b0]
V  [jvm.dll+0x7dff2a]
V  [jvm.dll+0x6744d5]
C  [ucrtbase.dll+0x29363]
C  [KERNEL32.DLL+0x1257d]
C  [ntdll.dll+0x5aa58]

VM_Operation (0x0000003b96bfd200): G1CollectForAllocation, mode: safepoint, requested by thread 0x00000179f87c3570


---------------  P R O C E S S  ---------------

Threads class SMR info:
_java_thread_list=0x00000179fb4e07f0, length=43, elements={
0x00000179e7f8e580, 0x00000179f3799cf0, 0x00000179f379b8b0, 0x00000179f37ed070,
0x00000179f37edb30, 0x00000179f41108d0, 0x00000179f4111bb0, 0x00000179f411cd40,
0x00000179f411e890, 0x00000179f37407f0, 0x00000179f4385440, 0x00000179f4bd91e0,
0x00000179f4bd0580, 0x00000179f4be5750, 0x00000179f5e4abc0, 0x00000179f5e6e350,
0x00000179f5e74fa0, 0x00000179f5ea5ae0, 0x00000179f6179a00, 0x00000179f617a3a0,
0x00000179f6179ed0, 0x00000179f61a3840, 0x00000179f84b2f50, 0x00000179f6179530,
0x00000179f87c4d80, 0x00000179f87c6a60, 0x00000179f87c13c0, 0x00000179f87c0080,
0x00000179f87c6f30, 0x00000179f87c3570, 0x00000179f87c2bd0, 0x00000179f87c43e0,
0x00000179f87c7400, 0x00000179f87c6590, 0x00000179f87c5bf0, 0x00000179f87c1890,
0x00000179f87c30a0, 0x00000179f87c5250, 0x00000179f87c0550, 0x00000179f87c0a20,
0x00000179f87c3a40, 0x00000179f87c3f10, 0x00000179f87c48b0
}

Java Threads: ( => current thread )
  0x00000179e7f8e580 JavaThread "main" [_thread_blocked, id=4032, stack(0x0000003b93c00000,0x0000003b93d00000)]
  0x00000179f3799cf0 JavaThread "Reference Handler" daemon [_thread_blocked, id=18972, stack(0x0000003b94300000,0x0000003b94400000)]
  0x00000179f379b8b0 JavaThread "Finalizer" daemon [_thread_blocked, id=9068, stack(0x0000003b94400000,0x0000003b94500000)]
  0x00000179f37ed070 JavaThread "Signal Dispatcher" daemon [_thread_blocked, id=10008, stack(0x0000003b94500000,0x0000003b94600000)]
  0x00000179f37edb30 JavaThread "Attach Listener" daemon [_thread_blocked, id=9112, stack(0x0000003b94600000,0x0000003b94700000)]
  0x00000179f41108d0 JavaThread "Service Thread" daemon [_thread_blocked, id=14512, stack(0x0000003b94700000,0x0000003b94800000)]
  0x00000179f4111bb0 JavaThread "Monitor Deflation Thread" daemon [_thread_blocked, id=6900, stack(0x0000003b94800000,0x0000003b94900000)]
  0x00000179f411cd40 JavaThread "C1 CompilerThread0" daemon [_thread_blocked, id=4996, stack(0x0000003b94900000,0x0000003b94a00000)]
  0x00000179f411e890 JavaThread "Sweeper thread" daemon [_thread_blocked, id=12172, stack(0x0000003b94a00000,0x0000003b94b00000)]
  0x00000179f37407f0 JavaThread "Common-Cleaner" daemon [_thread_blocked, id=9988, stack(0x0000003b94b00000,0x0000003b94c00000)]
  0x00000179f4385440 JavaThread "Notification Thread" daemon [_thread_blocked, id=14952, stack(0x0000003b94c00000,0x0000003b94d00000)]
  0x00000179f4bd91e0 JavaThread "RMI TCP Accept-0" daemon [_thread_in_native, id=15096, stack(0x0000003b94d00000,0x0000003b94e00000)]
  0x00000179f4bd0580 JavaThread "RMI TCP Accept-51280" daemon [_thread_in_native, id=16960, stack(0x0000003b94e00000,0x0000003b94f00000)]
  0x00000179f4be5750 JavaThread "RMI TCP Accept-0" daemon [_thread_in_native, id=6788, stack(0x0000003b94f00000,0x0000003b95000000)]
  0x00000179f5e4abc0 JavaThread "RMI TCP Connection(1)-127.0.0.1" daemon [_thread_in_native, id=8484, stack(0x0000003b95a00000,0x0000003b95b00000)]
  0x00000179f5e6e350 JavaThread "RMI Scheduler(0)" daemon [_thread_blocked, id=816, stack(0x0000003b95b00000,0x0000003b95c00000)]
  0x00000179f5e74fa0 JavaThread "RMI TCP Connection(2)-127.0.0.1" daemon [_thread_in_native, id=10856, stack(0x0000003b95c00000,0x0000003b95d00000)]
  0x00000179f5ea5ae0 JavaThread "JMX server connection timeout 22" daemon [_thread_blocked, id=532, stack(0x0000003b95d00000,0x0000003b95e00000)]
  0x00000179f6179a00 JavaThread "RMI TCP Connection(3)-127.0.0.1" daemon [_thread_in_native, id=17248, stack(0x0000003b96000000,0x0000003b96100000)]
  0x00000179f617a3a0 JavaThread "JMX server connection timeout 25" daemon [_thread_blocked, id=19072, stack(0x0000003b96100000,0x0000003b96200000)]
  0x00000179f6179ed0 JavaThread "Keep-Alive-Timer" daemon [_thread_blocked, id=2936, stack(0x0000003b96200000,0x0000003b96300000)]
  0x00000179f61a3840 JavaThread "C1 CompilerThread1" daemon [_thread_blocked, id=16196, stack(0x0000003b96300000,0x0000003b96400000)]
  0x00000179f84b2f50 JavaThread "C1 CompilerThread2" daemon [_thread_blocked, id=13852, stack(0x0000003b96400000,0x0000003b96500000)]
  0x00000179f6179530 JavaThread "Catalina-utility-1" [_thread_blocked, id=18516, stack(0x0000003b96500000,0x0000003b96600000)]
  0x00000179f87c4d80 JavaThread "Catalina-utility-2" [_thread_blocked, id=14424, stack(0x0000003b96600000,0x0000003b96700000)]
  0x00000179f87c6a60 JavaThread "container-0" [_thread_blocked, id=12676, stack(0x0000003b96700000,0x0000003b96800000)]
  0x00000179f87c13c0 JavaThread "mysql-cj-abandoned-connection-cleanup" daemon [_thread_blocked, id=12632, stack(0x0000003b96800000,0x0000003b96900000)]
  0x00000179f87c0080 JavaThread "HikariPool-1 housekeeper" daemon [_thread_blocked, id=7312, stack(0x0000003b96900000,0x0000003b96a00000)]
  0x00000179f87c6f30 JavaThread "HikariPool-1 connection adder" daemon [_thread_blocked, id=5124, stack(0x0000003b96a00000,0x0000003b96b00000)]
  0x00000179f87c3570 JavaThread "ClassGraph-worker-28" daemon [_thread_blocked, id=12952, stack(0x0000003b96b00000,0x0000003b96c00000)]
  0x00000179f87c2bd0 JavaThread "ClassGraph-worker-29" daemon [_thread_blocked, id=7032, stack(0x0000003b96c00000,0x0000003b96d00000)]
  0x00000179f87c43e0 JavaThread "ClassGraph-worker-30" daemon [_thread_blocked, id=17700, stack(0x0000003b96d00000,0x0000003b96e00000)]
  0x00000179f87c7400 JavaThread "ClassGraph-worker-31" daemon [_thread_blocked, id=15300, stack(0x0000003b96e00000,0x0000003b96f00000)]
  0x00000179f87c6590 JavaThread "ClassGraph-worker-32" daemon [_thread_blocked, id=7724, stack(0x0000003b96f00000,0x0000003b97000000)]
  0x00000179f87c5bf0 JavaThread "ClassGraph-worker-33" daemon [_thread_blocked, id=17696, stack(0x0000003b97000000,0x0000003b97100000)]
  0x00000179f87c1890 JavaThread "ClassGraph-worker-34" daemon [_thread_blocked, id=11912, stack(0x0000003b97100000,0x0000003b97200000)]
  0x00000179f87c30a0 JavaThread "ClassGraph-worker-35" daemon [_thread_blocked, id=8672, stack(0x0000003b97200000,0x0000003b97300000)]
  0x00000179f87c5250 JavaThread "ClassGraph-worker-36" daemon [_thread_blocked, id=15508, stack(0x0000003b97300000,0x0000003b97400000)]
  0x00000179f87c0550 JavaThread "ClassGraph-worker-37" daemon [_thread_blocked, id=5000, stack(0x0000003b97400000,0x0000003b97500000)]
  0x00000179f87c0a20 JavaThread "ClassGraph-worker-38" daemon [_thread_blocked, id=2884, stack(0x0000003b97500000,0x0000003b97600000)]
  0x00000179f87c3a40 JavaThread "ClassGraph-worker-39" daemon [_thread_blocked, id=5688, stack(0x0000003b97600000,0x0000003b97700000)]
  0x00000179f87c3f10 JavaThread "ClassGraph-worker-40" daemon [_thread_blocked, id=7528, stack(0x0000003b97700000,0x0000003b97800000)]
  0x00000179f87c48b0 JavaThread "ClassGraph-worker-41" daemon [_thread_blocked, id=13148, stack(0x0000003b97800000,0x0000003b97900000)]

Other Threads:
=>0x00000179f3796930 VMThread "VM Thread" [stack: 0x0000003b94200000,0x0000003b94300000] [id=15324]
  0x00000179f4bca8a0 WatcherThread [stack: 0x0000003b95000000,0x0000003b95100000] [id=17992]
  0x00000179e7fbeb80 GCTaskThread "GC Thread#0" [stack: 0x0000003b93d00000,0x0000003b93e00000] [id=7092]
  0x00000179f5ddd7b0 GCTaskThread "GC Thread#1" [stack: 0x0000003b95100000,0x0000003b95200000] [id=8084]
  0x00000179f5e10170 GCTaskThread "GC Thread#2" [stack: 0x0000003b95200000,0x0000003b95300000] [id=5324]
  0x00000179f5e10420 GCTaskThread "GC Thread#3" [stack: 0x0000003b95300000,0x0000003b95400000] [id=17140]
  0x00000179f5e106d0 GCTaskThread "GC Thread#4" [stack: 0x0000003b95400000,0x0000003b95500000] [id=8012]
  0x00000179f5e111a0 GCTaskThread "GC Thread#5" [stack: 0x0000003b95500000,0x0000003b95600000] [id=10904]
  0x00000179f5e11450 GCTaskThread "GC Thread#6" [stack: 0x0000003b95600000,0x0000003b95700000] [id=3576]
  0x00000179f5e11f20 GCTaskThread "GC Thread#7" [stack: 0x0000003b95700000,0x0000003b95800000] [id=17508]
  0x00000179e7fc7740 ConcurrentGCThread "G1 Main Marker" [stack: 0x0000003b93e00000,0x0000003b93f00000] [id=13224]
  0x00000179e7fc88f0 ConcurrentGCThread "G1 Conc#0" [stack: 0x0000003b93f00000,0x0000003b94000000] [id=6448]
  0x00000179f601d860 ConcurrentGCThread "G1 Conc#1" [stack: 0x0000003b95e00000,0x0000003b95f00000] [id=15284]
  0x00000179e803e920 ConcurrentGCThread "G1 Refine#0" [stack: 0x0000003b94000000,0x0000003b94100000] [id=2812]
  0x00000179f4c7cdd0 ConcurrentGCThread "G1 Refine#1" [stack: 0x0000003b95800000,0x0000003b95900000] [id=2796]
  0x00000179f443cf70 ConcurrentGCThread "G1 Refine#2" [stack: 0x0000003b95900000,0x0000003b95a00000] [id=3988]
  0x00000179f36114a0 ConcurrentGCThread "G1 Service" [stack: 0x0000003b94100000,0x0000003b94200000] [id=3152]

Threads with active compile tasks:
C1 CompilerThread0    18918 6944   !   1       io.github.classgraph.Scanner$2::processWorkUnit (340 bytes)
C1 CompilerThread2    18918 6946   !   1       io.github.classgraph.Scanner::normalizeClasspathEntry (388 bytes)

VM state: at safepoint (normal execution)

VM Mutex/Monitor currently owned by a thread:  ([mutex/lock_event])
[0x00000179e7f8aa50] Threads_lock - owner thread: 0x00000179f3796930
[0x00000179e7f8b6b0] Heap_lock - owner thread: 0x00000179f87c3570

Heap address: 0x00000000c1c00000, size: 996 MB, Compressed Oops mode: 32-bit

CDS archive(s) not mapped
Compressed class space mapped at: 0x0000000100000000-0x0000000140000000, reserved size: 1073741824
Narrow klass base: 0x0000000000000000, Narrow klass shift: 3, Narrow klass range: 0x140000000

GC Precious Log:
 CPUs: 8 total, 8 available
 Memory: 3982M
 Large Page Support: Disabled
 NUMA Support: Disabled
 Compressed Oops: Enabled (32-bit)
 Heap Region Size: 1M
 Heap Min Capacity: 8M
 Heap Initial Capacity: 64M
 Heap Max Capacity: 996M
 Pre-touch: Disabled
 Parallel Workers: 8
 Concurrent Workers: 2
 Concurrent Refinement Workers: 8
 Periodic GC: Disabled

Heap:
 garbage-first heap   total 117760K, used 69050K [0x00000000c1c00000, 0x0000000100000000)
  region size 1024K, 4 young (4096K), 4 survivors (4096K)
 Metaspace       used 82393K, committed 83072K, reserved 1122304K
  class space    used 11319K, committed 11648K, reserved 1048576K

Heap Regions: E=young(eden), S=young(survivor), O=old, HS=humongous(starts), HC=humongous(continues), CS=collection set, F=free, OA=open archive, CA=closed archive, TAMS=top-at-mark-start (previous, next)
|   0|0x00000000c1c00000, 0x00000000c1d00000, 0x00000000c1d00000|100%|HS|  |TAMS 0x00000000c1d00000, 0x00000000c1d00000| Complete 
|   1|0x00000000c1d00000, 0x00000000c1e00000, 0x00000000c1e00000|100%| O|  |TAMS 0x00000000c1e00000, 0x00000000c1e00000| Untracked 
|   2|0x00000000c1e00000, 0x00000000c1f00000, 0x00000000c1f00000|100%|HS|  |TAMS 0x00000000c1f00000, 0x00000000c1f00000| Complete 
|   3|0x00000000c1f00000, 0x00000000c2000000, 0x00000000c2000000|100%| O|  |TAMS 0x00000000c2000000, 0x00000000c2000000| Untracked 
|   4|0x00000000c2000000, 0x00000000c2100000, 0x00000000c2100000|100%| O|  |TAMS 0x00000000c2100000, 0x00000000c2100000| Untracked 
|   5|0x00000000c2100000, 0x00000000c2200000, 0x00000000c2200000|100%| O|  |TAMS 0x00000000c2200000, 0x00000000c2200000| Untracked 
|   6|0x00000000c2200000, 0x00000000c2300000, 0x00000000c2300000|100%| O|  |TAMS 0x00000000c2300000, 0x00000000c2300000| Untracked 
|   7|0x00000000c2300000, 0x00000000c2400000, 0x00000000c2400000|100%| O|  |TAMS 0x00000000c2400000, 0x00000000c2400000| Untracked 
|   8|0x00000000c2400000, 0x00000000c2500000, 0x00000000c2500000|100%| O|  |TAMS 0x00000000c2500000, 0x00000000c2500000| Untracked 
|   9|0x00000000c2500000, 0x00000000c2600000, 0x00000000c2600000|100%| O|  |TAMS 0x00000000c2600000, 0x00000000c2600000| Untracked 
|  10|0x00000000c2600000, 0x00000000c2700000, 0x00000000c2700000|100%|HS|  |TAMS 0x00000000c2700000, 0x00000000c2700000| Complete 
|  11|0x00000000c2700000, 0x00000000c2800000, 0x00000000c2800000|100%| O|  |TAMS 0x00000000c2800000, 0x00000000c2800000| Untracked 
|  12|0x00000000c2800000, 0x00000000c2900000, 0x00000000c2900000|100%| O|  |TAMS 0x00000000c2900000, 0x00000000c2900000| Untracked 
|  13|0x00000000c2900000, 0x00000000c2a00000, 0x00000000c2a00000|100%| O|  |TAMS 0x00000000c2a00000, 0x00000000c2a00000| Untracked 
|  14|0x00000000c2a00000, 0x00000000c2b00000, 0x00000000c2b00000|100%| O|  |TAMS 0x00000000c2b00000, 0x00000000c2b00000| Untracked 
|  15|0x00000000c2b00000, 0x00000000c2c00000, 0x00000000c2c00000|100%| O|  |TAMS 0x00000000c2b00000, 0x00000000c2b00000| Untracked 
|  16|0x00000000c2c00000, 0x00000000c2d00000, 0x00000000c2d00000|100%| O|  |TAMS 0x00000000c2d00000, 0x00000000c2d00000| Untracked 
|  17|0x00000000c2d00000, 0x00000000c2e00000, 0x00000000c2e00000|100%| O|  |TAMS 0x00000000c2e00000, 0x00000000c2e00000| Untracked 
|  18|0x00000000c2e00000, 0x00000000c2f00000, 0x00000000c2f00000|100%| O|  |TAMS 0x00000000c2f00000, 0x00000000c2f00000| Untracked 
|  19|0x00000000c2f00000, 0x00000000c3000000, 0x00000000c3000000|100%| O|  |TAMS 0x00000000c3000000, 0x00000000c3000000| Untracked 
|  20|0x00000000c3000000, 0x00000000c3100000, 0x00000000c3100000|100%| O|  |TAMS 0x00000000c3100000, 0x00000000c3100000| Untracked 
|  21|0x00000000c3100000, 0x00000000c3200000, 0x00000000c3200000|100%| O|  |TAMS 0x00000000c3200000, 0x00000000c3200000| Untracked 
|  22|0x00000000c3200000, 0x00000000c3300000, 0x00000000c3300000|100%| O|  |TAMS 0x00000000c3300000, 0x00000000c3300000| Untracked 
|  23|0x00000000c3300000, 0x00000000c3400000, 0x00000000c3400000|100%| O|  |TAMS 0x00000000c3400000, 0x00000000c3400000| Untracked 
|  24|0x00000000c3400000, 0x00000000c3500000, 0x00000000c3500000|100%| O|  |TAMS 0x00000000c3500000, 0x00000000c3500000| Untracked 
|  25|0x00000000c3500000, 0x00000000c3600000, 0x00000000c3600000|100%| O|  |TAMS 0x00000000c3600000, 0x00000000c3600000| Untracked 
|  26|0x00000000c3600000, 0x00000000c3700000, 0x00000000c3700000|100%| O|  |TAMS 0x00000000c3700000, 0x00000000c3700000| Untracked 
|  27|0x00000000c3700000, 0x00000000c3800000, 0x00000000c3800000|100%| O|  |TAMS 0x00000000c3800000, 0x00000000c3800000| Untracked 
|  28|0x00000000c3800000, 0x00000000c3900000, 0x00000000c3900000|100%| O|  |TAMS 0x00000000c3900000, 0x00000000c3900000| Untracked 
|  29|0x00000000c3900000, 0x00000000c3a00000, 0x00000000c3a00000|100%| O|  |TAMS 0x00000000c3a00000, 0x00000000c3a00000| Untracked 
|  30|0x00000000c3a00000, 0x00000000c3b00000, 0x00000000c3b00000|100%| O|  |TAMS 0x00000000c3b00000, 0x00000000c3b00000| Untracked 
|  31|0x00000000c3b00000, 0x00000000c3c00000, 0x00000000c3c00000|100%| O|  |TAMS 0x00000000c3c00000, 0x00000000c3c00000| Untracked 
|  32|0x00000000c3c00000, 0x00000000c3d00000, 0x00000000c3d00000|100%| O|  |TAMS 0x00000000c3d00000, 0x00000000c3d00000| Untracked 
|  33|0x00000000c3d00000, 0x00000000c3e00000, 0x00000000c3e00000|100%| O|  |TAMS 0x00000000c3e00000, 0x00000000c3e00000| Untracked 
|  34|0x00000000c3e00000, 0x00000000c3f00000, 0x00000000c3f00000|100%| O|  |TAMS 0x00000000c3f00000, 0x00000000c3f00000| Untracked 
|  35|0x00000000c3f00000, 0x00000000c4000000, 0x00000000c4000000|100%| O|  |TAMS 0x00000000c4000000, 0x00000000c4000000| Untracked 
|  36|0x00000000c4000000, 0x00000000c4100000, 0x00000000c4100000|100%| O|  |TAMS 0x00000000c4100000, 0x00000000c4100000| Untracked 
|  37|0x00000000c4100000, 0x00000000c4200000, 0x00000000c4200000|100%| O|  |TAMS 0x00000000c4200000, 0x00000000c4200000| Untracked 
|  38|0x00000000c4200000, 0x00000000c4300000, 0x00000000c4300000|100%| O|  |TAMS 0x00000000c4300000, 0x00000000c4300000| Untracked 
|  39|0x00000000c4300000, 0x00000000c4400000, 0x00000000c4400000|100%| O|  |TAMS 0x00000000c4400000, 0x00000000c4400000| Untracked 
|  40|0x00000000c4400000, 0x00000000c4500000, 0x00000000c4500000|100%| O|  |TAMS 0x00000000c4500000, 0x00000000c4500000| Untracked 
|  41|0x00000000c4500000, 0x00000000c4600000, 0x00000000c4600000|100%| O|  |TAMS 0x00000000c4600000, 0x00000000c4600000| Untracked 
|  42|0x00000000c4600000, 0x00000000c4700000, 0x00000000c4700000|100%| O|  |TAMS 0x00000000c4700000, 0x00000000c4700000| Untracked 
|  43|0x00000000c4700000, 0x00000000c4800000, 0x00000000c4800000|100%| O|  |TAMS 0x00000000c4800000, 0x00000000c4800000| Untracked 
|  44|0x00000000c4800000, 0x00000000c4900000, 0x00000000c4900000|100%| O|  |TAMS 0x00000000c4835600, 0x00000000c4900000| Untracked 
|  45|0x00000000c4900000, 0x00000000c4a00000, 0x00000000c4a00000|100%| O|  |TAMS 0x00000000c4900000, 0x00000000c4a00000| Untracked 
|  46|0x00000000c4a00000, 0x00000000c4b00000, 0x00000000c4b00000|100%| O|  |TAMS 0x00000000c4a00000, 0x00000000c4b00000| Untracked 
|  47|0x00000000c4b00000, 0x00000000c4c00000, 0x00000000c4c00000|100%| O|  |TAMS 0x00000000c4b00000, 0x00000000c4c00000| Untracked 
|  48|0x00000000c4c00000, 0x00000000c4d00000, 0x00000000c4d00000|100%| O|  |TAMS 0x00000000c4c00000, 0x00000000c4d00000| Untracked 
|  49|0x00000000c4d00000, 0x00000000c4e00000, 0x00000000c4e00000|100%| O|  |TAMS 0x00000000c4d00000, 0x00000000c4e00000| Untracked 
|  50|0x00000000c4e00000, 0x00000000c4f00000, 0x00000000c4f00000|100%| O|  |TAMS 0x00000000c4e00000, 0x00000000c4f00000| Untracked 
|  51|0x00000000c4f00000, 0x00000000c5000000, 0x00000000c5000000|100%| O|  |TAMS 0x00000000c4f00000, 0x00000000c5000000| Untracked 
|  52|0x00000000c5000000, 0x00000000c5100000, 0x00000000c5100000|100%| O|  |TAMS 0x00000000c5000000, 0x00000000c5100000| Untracked 
|  53|0x00000000c5100000, 0x00000000c5200000, 0x00000000c5200000|100%| O|  |TAMS 0x00000000c5100000, 0x00000000c5200000| Untracked 
|  54|0x00000000c5200000, 0x00000000c5300000, 0x00000000c5300000|100%| O|  |TAMS 0x00000000c5200000, 0x00000000c5300000| Untracked 
|  55|0x00000000c5300000, 0x00000000c5400000, 0x00000000c5400000|100%| O|  |TAMS 0x00000000c5300000, 0x00000000c5400000| Untracked 
|  56|0x00000000c5400000, 0x00000000c5500000, 0x00000000c5500000|100%| O|  |TAMS 0x00000000c5400000, 0x00000000c5444600| Untracked 
|  57|0x00000000c5500000, 0x00000000c5600000, 0x00000000c5600000|100%| O|  |TAMS 0x00000000c5500000, 0x00000000c5500000| Untracked 
|  58|0x00000000c5600000, 0x00000000c5600000, 0x00000000c5700000|  0%| F|  |TAMS 0x00000000c5600000, 0x00000000c5600000| Untracked 
|  59|0x00000000c5700000, 0x00000000c5700000, 0x00000000c5800000|  0%| F|  |TAMS 0x00000000c5700000, 0x00000000c5700000| Untracked 
|  60|0x00000000c5800000, 0x00000000c5800000, 0x00000000c5900000|  0%| F|  |TAMS 0x00000000c5800000, 0x00000000c5800000| Untracked 
|  61|0x00000000c5900000, 0x00000000c5a00000, 0x00000000c5a00000|100%| O|  |TAMS 0x00000000c5900000, 0x00000000c5900000| Untracked 
|  62|0x00000000c5a00000, 0x00000000c5b00000, 0x00000000c5b00000|100%| O|  |TAMS 0x00000000c5a00000, 0x00000000c5a00000| Untracked 
|  63|0x00000000c5b00000, 0x00000000c5c00000, 0x00000000c5c00000|100%| O|  |TAMS 0x00000000c5b00000, 0x00000000c5b00000| Untracked 
|  64|0x00000000c5c00000, 0x00000000c5d00000, 0x00000000c5d00000|100%| O|  |TAMS 0x00000000c5c00000, 0x00000000c5c00000| Untracked 
|  65|0x00000000c5d00000, 0x00000000c5e00000, 0x00000000c5e00000|100%| O|  |TAMS 0x00000000c5d00000, 0x00000000c5d00000| Untracked 
|  66|0x00000000c5e00000, 0x00000000c5e6e800, 0x00000000c5f00000| 43%| O|  |TAMS 0x00000000c5e00000, 0x00000000c5e00000| Untracked 
|  67|0x00000000c5f00000, 0x00000000c5f00000, 0x00000000c6000000|  0%| F|  |TAMS 0x00000000c5f00000, 0x00000000c5f00000| Untracked 
|  68|0x00000000c6000000, 0x00000000c6000000, 0x00000000c6100000|  0%| F|  |TAMS 0x00000000c6000000, 0x00000000c6000000| Untracked 
|  69|0x00000000c6100000, 0x00000000c6100000, 0x00000000c6200000|  0%| F|  |TAMS 0x00000000c6100000, 0x00000000c6100000| Untracked 
|  70|0x00000000c6200000, 0x00000000c6200000, 0x00000000c6300000|  0%| F|  |TAMS 0x00000000c6200000, 0x00000000c6200000| Untracked 
|  71|0x00000000c6300000, 0x00000000c6300000, 0x00000000c6400000|  0%| F|  |TAMS 0x00000000c6300000, 0x00000000c6300000| Untracked 
|  72|0x00000000c6400000, 0x00000000c6400000, 0x00000000c6500000|  0%| F|  |TAMS 0x00000000c6400000, 0x00000000c6400000| Untracked 
|  73|0x00000000c6500000, 0x00000000c6500000, 0x00000000c6600000|  0%| F|  |TAMS 0x00000000c6500000, 0x00000000c6500000| Untracked 
|  74|0x00000000c6600000, 0x00000000c6600000, 0x00000000c6700000|  0%| F|  |TAMS 0x00000000c6600000, 0x00000000c6600000| Untracked 
|  75|0x00000000c6700000, 0x00000000c6700000, 0x00000000c6800000|  0%| F|  |TAMS 0x00000000c6700000, 0x00000000c6700000| Untracked 
|  76|0x00000000c6800000, 0x00000000c6800000, 0x00000000c6900000|  0%| F|  |TAMS 0x00000000c6800000, 0x00000000c6800000| Untracked 
|  77|0x00000000c6900000, 0x00000000c6900000, 0x00000000c6a00000|  0%| F|  |TAMS 0x00000000c6900000, 0x00000000c6900000| Untracked 
|  78|0x00000000c6a00000, 0x00000000c6a00000, 0x00000000c6b00000|  0%| F|  |TAMS 0x00000000c6a00000, 0x00000000c6a00000| Untracked 
|  79|0x00000000c6b00000, 0x00000000c6b00000, 0x00000000c6c00000|  0%| F|  |TAMS 0x00000000c6b00000, 0x00000000c6b00000| Untracked 
|  80|0x00000000c6c00000, 0x00000000c6c00000, 0x00000000c6d00000|  0%| F|  |TAMS 0x00000000c6c00000, 0x00000000c6c00000| Untracked 
|  81|0x00000000c6d00000, 0x00000000c6e00000, 0x00000000c6e00000|100%| S|CS|TAMS 0x00000000c6d00000, 0x00000000c6d00000| Complete 
|  82|0x00000000c6e00000, 0x00000000c6f00000, 0x00000000c6f00000|100%| S|CS|TAMS 0x00000000c6e00000, 0x00000000c6e00000| Complete 
|  83|0x00000000c6f00000, 0x00000000c7000000, 0x00000000c7000000|100%| S|CS|TAMS 0x00000000c6f00000, 0x00000000c6f00000| Complete 
|  84|0x00000000c7000000, 0x00000000c7100000, 0x00000000c7100000|100%| S|CS|TAMS 0x00000000c7000000, 0x00000000c7000000| Complete 
|  85|0x00000000c7100000, 0x00000000c7100000, 0x00000000c7200000|  0%| F|  |TAMS 0x00000000c7100000, 0x00000000c7100000| Untracked 
|  86|0x00000000c7200000, 0x00000000c7200000, 0x00000000c7300000|  0%| F|  |TAMS 0x00000000c7200000, 0x00000000c7200000| Untracked 
|  87|0x00000000c7300000, 0x00000000c7300000, 0x00000000c7400000|  0%| F|  |TAMS 0x00000000c7300000, 0x00000000c7300000| Untracked 
|  88|0x00000000c7400000, 0x00000000c7400000, 0x00000000c7500000|  0%| F|  |TAMS 0x00000000c7400000, 0x00000000c7400000| Untracked 
|  89|0x00000000c7500000, 0x00000000c7500000, 0x00000000c7600000|  0%| F|  |TAMS 0x00000000c7500000, 0x00000000c7500000| Untracked 
|  90|0x00000000c7600000, 0x00000000c7600000, 0x00000000c7700000|  0%| F|  |TAMS 0x00000000c7600000, 0x00000000c7600000| Untracked 
|  91|0x00000000c7700000, 0x00000000c7700000, 0x00000000c7800000|  0%| F|  |TAMS 0x00000000c7700000, 0x00000000c7700000| Untracked 
|  92|0x00000000c7800000, 0x00000000c7800000, 0x00000000c7900000|  0%| F|  |TAMS 0x00000000c7800000, 0x00000000c7800000| Untracked 
|  93|0x00000000c7900000, 0x00000000c7900000, 0x00000000c7a00000|  0%| F|  |TAMS 0x00000000c7900000, 0x00000000c7900000| Untracked 
|  94|0x00000000c7a00000, 0x00000000c7a00000, 0x00000000c7b00000|  0%| F|  |TAMS 0x00000000c7a00000, 0x00000000c7a00000| Untracked 
|  95|0x00000000c7b00000, 0x00000000c7b00000, 0x00000000c7c00000|  0%| F|  |TAMS 0x00000000c7b00000, 0x00000000c7b00000| Untracked 
|  96|0x00000000c7c00000, 0x00000000c7c00000, 0x00000000c7d00000|  0%| F|  |TAMS 0x00000000c7c00000, 0x00000000c7c00000| Untracked 
|  97|0x00000000c7d00000, 0x00000000c7d00000, 0x00000000c7e00000|  0%| F|  |TAMS 0x00000000c7d00000, 0x00000000c7d00000| Untracked 
|  98|0x00000000c7e00000, 0x00000000c7e00000, 0x00000000c7f00000|  0%| F|  |TAMS 0x00000000c7e00000, 0x00000000c7e00000| Untracked 
|  99|0x00000000c7f00000, 0x00000000c7f00000, 0x00000000c8000000|  0%| F|  |TAMS 0x00000000c7f00000, 0x00000000c7f00000| Untracked 
| 100|0x00000000c8000000, 0x00000000c8000000, 0x00000000c8100000|  0%| F|  |TAMS 0x00000000c8000000, 0x00000000c8000000| Untracked 
| 101|0x00000000c8100000, 0x00000000c8100000, 0x00000000c8200000|  0%| F|  |TAMS 0x00000000c8100000, 0x00000000c8100000| Untracked 
| 102|0x00000000c8200000, 0x00000000c8200000, 0x00000000c8300000|  0%| F|  |TAMS 0x00000000c8200000, 0x00000000c8200000| Untracked 
| 103|0x00000000c8300000, 0x00000000c8300000, 0x00000000c8400000|  0%| F|  |TAMS 0x00000000c8300000, 0x00000000c8300000| Untracked 
| 104|0x00000000c8400000, 0x00000000c8400000, 0x00000000c8500000|  0%| F|  |TAMS 0x00000000c8400000, 0x00000000c8400000| Untracked 
| 105|0x00000000c8500000, 0x00000000c8500000, 0x00000000c8600000|  0%| F|  |TAMS 0x00000000c8500000, 0x00000000c8500000| Untracked 
| 106|0x00000000c8600000, 0x00000000c8600000, 0x00000000c8700000|  0%| F|  |TAMS 0x00000000c8600000, 0x00000000c8600000| Untracked 
| 107|0x00000000c8700000, 0x00000000c8700000, 0x00000000c8800000|  0%| F|  |TAMS 0x00000000c8700000, 0x00000000c8700000| Untracked 
| 108|0x00000000c8800000, 0x00000000c8800000, 0x00000000c8900000|  0%| F|  |TAMS 0x00000000c8800000, 0x00000000c8800000| Untracked 
| 109|0x00000000c8900000, 0x00000000c8900000, 0x00000000c8a00000|  0%| F|  |TAMS 0x00000000c8900000, 0x00000000c8900000| Untracked 
| 110|0x00000000c8a00000, 0x00000000c8a00000, 0x00000000c8b00000|  0%| F|  |TAMS 0x00000000c8a00000, 0x00000000c8a00000| Untracked 
| 111|0x00000000c8b00000, 0x00000000c8b00000, 0x00000000c8c00000|  0%| F|  |TAMS 0x00000000c8b00000, 0x00000000c8b00000| Untracked 
| 112|0x00000000c8c00000, 0x00000000c8c00000, 0x00000000c8d00000|  0%| F|  |TAMS 0x00000000c8c00000, 0x00000000c8c00000| Untracked 
| 113|0x00000000c8d00000, 0x00000000c8d00000, 0x00000000c8e00000|  0%| F|  |TAMS 0x00000000c8d00000, 0x00000000c8d00000| Untracked 
| 114|0x00000000c8e00000, 0x00000000c8e00000, 0x00000000c8f00000|  0%| F|  |TAMS 0x00000000c8e00000, 0x00000000c8e00000| Untracked 

Card table byte_map: [0x00000179eea40000,0x00000179eec40000] _byte_map_base: 0x00000179ee432000

Marking Bits (Prev, Next): (CMBitMap*) 0x00000179e7fbf190, (CMBitMap*) 0x00000179e7fbf1d0
 Prev Bits: [0x00000179eee40000, 0x00000179efdd0000)
 Next Bits: [0x00000179efdd0000, 0x00000179f0d60000)

Polling page: 0x00000179e7740000

Metaspace:

Usage:
  Non-class:     69.41 MB used.
      Class:     11.05 MB used.
       Both:     80.46 MB used.

Virtual space:
  Non-class space:       72.00 MB reserved,      69.75 MB ( 97%) committed,  9 nodes.
      Class space:        1.00 GB reserved,      11.38 MB (  1%) committed,  1 nodes.
             Both:        1.07 GB reserved,      81.12 MB (  7%) committed. 

Chunk freelists:
   Non-Class:  1.79 MB
       Class:  637.00 KB
        Both:  2.42 MB

MaxMetaspaceSize: unlimited
CompressedClassSpaceSize: 1.00 GB
Initial GC threshold: 21.00 MB
Current GC threshold: 134.94 MB
CDS: off
MetaspaceReclaimPolicy: balanced
 - commit_granule_bytes: 65536.
 - commit_granule_words: 8192.
 - virtual_space_node_default_size: 1048576.
 - enlarge_chunks_in_place: 1.
 - new_chunks_are_fully_committed: 0.
 - uncommit_free_chunks: 1.
 - use_allocation_guard: 0.
 - handle_deallocations: 1.


Internal statistics:

num_allocs_failed_limit: 12.
num_arena_births: 816.
num_arena_deaths: 0.
num_vsnodes_births: 10.
num_vsnodes_deaths: 0.
num_space_committed: 1298.
num_space_uncommitted: 0.
num_chunks_returned_to_freelist: 12.
num_chunks_taken_from_freelist: 3464.
num_chunk_merges: 0.
num_chunk_splits: 2479.
num_chunks_enlarged: 1928.
num_purges: 0.
num_inconsistent_stats: 0.

CodeCache: size=49152Kb used=13974Kb max_used=13974Kb free=35177Kb
 bounds [0x00000179eb620000, 0x00000179ec3d0000, 0x00000179ee620000]
 total_blobs=7631 nmethods=6945 adapters=611
 compilation: enabled
              stopped_count=0, restarted_count=0
 full_count=0

Compilation events (20 events):
Event: 18.527 Thread 0x00000179f84b2f50 nmethod 6936 0x00000179ec3c2d90 code [0x00000179ec3c2f20, 0x00000179ec3c3068]
Event: 18.527 Thread 0x00000179f61a3840 6938       1       java.io.FileDescriptor$1::close (5 bytes)
Event: 18.528 Thread 0x00000179f411cd40 nmethod 6937 0x00000179ec3c3110 code [0x00000179ec3c32e0, 0x00000179ec3c36c8]
Event: 18.528 Thread 0x00000179f61a3840 nmethod 6938 0x00000179ec3c3910 code [0x00000179ec3c3ac0, 0x00000179ec3c3db8]
Event: 18.533 Thread 0x00000179f84b2f50 6939       1       java.nio.file.Path::of (9 bytes)
Event: 18.533 Thread 0x00000179f84b2f50 nmethod 6939 0x00000179ec3c3f10 code [0x00000179ec3c40a0, 0x00000179ec3c41c8]
Event: 18.536 Thread 0x00000179f84b2f50 6940       1       java.nio.file.Paths::get (6 bytes)
Event: 18.537 Thread 0x00000179f84b2f50 nmethod 6940 0x00000179ec3c4310 code [0x00000179ec3c44a0, 0x00000179ec3c45c8]
Event: 18.538 Thread 0x00000179f411cd40 6941       1       sun.nio.fs.WindowsPath::createFromNormalizedPath (7 bytes)
Event: 18.539 Thread 0x00000179f61a3840 6942       1       sun.nio.fs.WindowsPath::toRealPath (22 bytes)
Event: 18.539 Thread 0x00000179f411cd40 nmethod 6941 0x00000179ec3c4710 code [0x00000179ec3c48a0, 0x00000179ec3c4968]
Event: 18.539 Thread 0x00000179f61a3840 nmethod 6942 0x00000179ec3c4a10 code [0x00000179ec3c4c00, 0x00000179ec3c4e98]
Event: 18.540 Thread 0x00000179f411cd40 6944   !   1       io.github.classgraph.Scanner$2::processWorkUnit (340 bytes)
Event: 18.540 Thread 0x00000179f61a3840 6943       1       io.github.classgraph.Scanner$2::processWorkUnit (11 bytes)
Event: 18.540 Thread 0x00000179f84b2f50 6945       1       io.github.classgraph.Scanner::access$000 (5 bytes)
Event: 18.540 Thread 0x00000179f84b2f50 nmethod 6945 0x00000179ec3c5090 code [0x00000179ec3c5220, 0x00000179ec3c52e8]
Event: 18.540 Thread 0x00000179f61a3840 nmethod 6943 0x00000179ec3c5390 code [0x00000179ec3c5520, 0x00000179ec3c5628]
Event: 18.540 Thread 0x00000179f84b2f50 6946   !   1       io.github.classgraph.Scanner::normalizeClasspathEntry (388 bytes)
Event: 18.540 Thread 0x00000179f61a3840 6947       1       nonapi.io.github.classgraph.utils.FastPathResolver::resolve (6 bytes)
Event: 18.541 Thread 0x00000179f61a3840 nmethod 6947 0x00000179ec3c5710 code [0x00000179ec3c58a0, 0x00000179ec3c5968]

GC Heap History (20 events):
Event: 15.659 GC heap after
{Heap after GC invocations=27 (full 0):
 garbage-first heap   total 84992K, used 40755K [0x00000000c1c00000, 0x0000000100000000)
  region size 1024K, 4 young (4096K), 4 survivors (4096K)
 Metaspace       used 78155K, committed 78720K, reserved 1122304K
  class space    used 10672K, committed 10944K, reserved 1048576K
}
Event: 15.971 GC heap before
{Heap before GC invocations=27 (full 0):
 garbage-first heap   total 84992K, used 69427K [0x00000000c1c00000, 0x0000000100000000)
  region size 1024K, 32 young (32768K), 4 survivors (4096K)
 Metaspace       used 79224K, committed 79744K, reserved 1122304K
  class space    used 10812K, committed 11072K, reserved 1048576K
}
Event: 15.978 GC heap after
{Heap after GC invocations=28 (full 0):
 garbage-first heap   total 84992K, used 42068K [0x00000000c1c00000, 0x0000000100000000)
  region size 1024K, 3 young (3072K), 3 survivors (3072K)
 Metaspace       used 79224K, committed 79744K, reserved 1122304K
  class space    used 10812K, committed 11072K, reserved 1048576K
}
Event: 16.398 GC heap before
{Heap before GC invocations=28 (full 0):
 garbage-first heap   total 84992K, used 69716K [0x00000000c1c00000, 0x0000000100000000)
  region size 1024K, 30 young (30720K), 3 survivors (3072K)
 Metaspace       used 80076K, committed 80640K, reserved 1122304K
  class space    used 10962K, committed 11200K, reserved 1048576K
}
Event: 16.404 GC heap after
{Heap after GC invocations=29 (full 0):
 garbage-first heap   total 84992K, used 43452K [0x00000000c1c00000, 0x0000000100000000)
  region size 1024K, 3 young (3072K), 3 survivors (3072K)
 Metaspace       used 80076K, committed 80640K, reserved 1122304K
  class space    used 10962K, committed 11200K, reserved 1048576K
}
Event: 16.716 GC heap before
{Heap before GC invocations=30 (full 0):
 garbage-first heap   total 84992K, used 70076K [0x00000000c1c00000, 0x0000000100000000)
  region size 1024K, 29 young (29696K), 3 survivors (3072K)
 Metaspace       used 80376K, committed 80896K, reserved 1122304K
  class space    used 11049K, committed 11264K, reserved 1048576K
}
Event: 16.723 GC heap after
{Heap after GC invocations=31 (full 0):
 garbage-first heap   total 84992K, used 45023K [0x00000000c1c00000, 0x0000000100000000)
  region size 1024K, 3 young (3072K), 3 survivors (3072K)
 Metaspace       used 80376K, committed 80896K, reserved 1122304K
  class space    used 11049K, committed 11264K, reserved 1048576K
}
Event: 16.732 GC heap before
{Heap before GC invocations=31 (full 0):
 garbage-first heap   total 84992K, used 46047K [0x00000000c1c00000, 0x0000000100000000)
  region size 1024K, 4 young (4096K), 3 survivors (3072K)
 Metaspace       used 80376K, committed 80896K, reserved 1122304K
  class space    used 11049K, committed 11264K, reserved 1048576K
}
Event: 16.738 GC heap after
{Heap after GC invocations=32 (full 0):
 garbage-first heap   total 102400K, used 44720K [0x00000000c1c00000, 0x0000000100000000)
  region size 1024K, 1 young (1024K), 1 survivors (1024K)
 Metaspace       used 80376K, committed 80896K, reserved 1122304K
  class space    used 11049K, committed 11264K, reserved 1048576K
}
Event: 18.115 GC heap before
{Heap before GC invocations=32 (full 0):
 garbage-first heap   total 102400K, used 85680K [0x00000000c1c00000, 0x0000000100000000)
  region size 1024K, 40 young (40960K), 1 survivors (1024K)
 Metaspace       used 82282K, committed 82880K, reserved 1122304K
  class space    used 11302K, committed 11584K, reserved 1048576K
}
Event: 18.121 GC heap after
{Heap after GC invocations=33 (full 0):
 garbage-first heap   total 102400K, used 48676K [0x00000000c1c00000, 0x0000000100000000)
  region size 1024K, 4 young (4096K), 4 survivors (4096K)
 Metaspace       used 82282K, committed 82880K, reserved 1122304K
  class space    used 11302K, committed 11584K, reserved 1048576K
}
Event: 18.130 GC heap before
{Heap before GC invocations=33 (full 0):
 garbage-first heap   total 102400K, used 52772K [0x00000000c1c00000, 0x0000000100000000)
  region size 1024K, 9 young (9216K), 4 survivors (4096K)
 Metaspace       used 82282K, committed 82880K, reserved 1122304K
  class space    used 11302K, committed 11584K, reserved 1048576K
}
Event: 18.134 GC heap after
{Heap after GC invocations=34 (full 0):
 garbage-first heap   total 102400K, used 49681K [0x00000000c1c00000, 0x0000000100000000)
  region size 1024K, 1 young (1024K), 1 survivors (1024K)
 Metaspace       used 82282K, committed 82880K, reserved 1122304K
  class space    used 11302K, committed 11584K, reserved 1048576K
}
Event: 18.292 GC heap before
{Heap before GC invocations=35 (full 0):
 garbage-first heap   total 117760K, used 83473K [0x00000000c1c00000, 0x0000000100000000)
  region size 1024K, 33 young (33792K), 1 survivors (1024K)
 Metaspace       used 82282K, committed 82880K, reserved 1122304K
  class space    used 11302K, committed 11584K, reserved 1048576K
}
Event: 18.298 GC heap after
{Heap after GC invocations=36 (full 0):
 garbage-first heap   total 117760K, used 56844K [0x00000000c1c00000, 0x0000000100000000)
  region size 1024K, 5 young (5120K), 5 survivors (5120K)
 Metaspace       used 82282K, committed 82880K, reserved 1122304K
  class space    used 11302K, committed 11584K, reserved 1048576K
}
Event: 18.299 GC heap before
{Heap before GC invocations=36 (full 0):
 garbage-first heap   total 117760K, used 57868K [0x00000000c1c00000, 0x0000000100000000)
  region size 1024K, 6 young (6144K), 5 survivors (5120K)
 Metaspace       used 82282K, committed 82880K, reserved 1122304K
  class space    used 11302K, committed 11584K, reserved 1048576K
}
Event: 18.303 GC heap after
{Heap after GC invocations=37 (full 0):
 garbage-first heap   total 117760K, used 57410K [0x00000000c1c00000, 0x0000000100000000)
  region size 1024K, 1 young (1024K), 1 survivors (1024K)
 Metaspace       used 82282K, committed 82880K, reserved 1122304K
  class space    used 11302K, committed 11584K, reserved 1048576K
}
Event: 18.465 GC heap before
{Heap before GC invocations=37 (full 0):
 garbage-first heap   total 117760K, used 73794K [0x00000000c1c00000, 0x0000000100000000)
  region size 1024K, 19 young (19456K), 1 survivors (1024K)
 Metaspace       used 82374K, committed 83008K, reserved 1122304K
  class space    used 11316K, committed 11648K, reserved 1048576K
}
Event: 18.470 GC heap after
{Heap after GC invocations=38 (full 0):
 garbage-first heap   total 117760K, used 63604K [0x00000000c1c00000, 0x0000000100000000)
  region size 1024K, 5 young (5120K), 5 survivors (5120K)
 Metaspace       used 82374K, committed 83008K, reserved 1122304K
  class space    used 11316K, committed 11648K, reserved 1048576K
}
Event: 18.543 GC heap before
{Heap before GC invocations=38 (full 0):
 garbage-first heap   total 117760K, used 91252K [0x00000000c1c00000, 0x0000000100000000)
  region size 1024K, 30 young (30720K), 5 survivors (5120K)
 Metaspace       used 82393K, committed 83072K, reserved 1122304K
  class space    used 11319K, committed 11648K, reserved 1048576K
}

Deoptimization events (20 events):
Event: 2.304 Thread 0x00000179e7f8e580 DEOPT PACKING pc=0x00000179eb79e68c sp=0x0000003b93cfdca0
Event: 2.304 Thread 0x00000179e7f8e580 DEOPT UNPACKING pc=0x00000179eb672b43 sp=0x0000003b93cfd168 mode 0
Event: 6.881 Thread 0x00000179e7f8e580 DEOPT PACKING pc=0x00000179ebb53199 sp=0x0000003b93cfd800
Event: 6.881 Thread 0x00000179e7f8e580 DEOPT UNPACKING pc=0x00000179eb672b43 sp=0x0000003b93cfcce0 mode 3
Event: 9.195 Thread 0x00000179e7f8e580 DEOPT PACKING pc=0x00000179ebdc2f75 sp=0x0000003b93cfc680
Event: 9.195 Thread 0x00000179e7f8e580 DEOPT UNPACKING pc=0x00000179eb672b43 sp=0x0000003b93cfbaf0 mode 3
Event: 9.209 Thread 0x00000179e7f8e580 DEOPT PACKING pc=0x00000179ebdd8699 sp=0x0000003b93cfdb00
Event: 9.209 Thread 0x00000179e7f8e580 DEOPT UNPACKING pc=0x00000179eb672b43 sp=0x0000003b93cfcfe8 mode 3
Event: 10.305 Thread 0x00000179e7f8e580 DEOPT PACKING pc=0x00000179ebe9840a sp=0x0000003b93cfd870
Event: 10.305 Thread 0x00000179e7f8e580 DEOPT UNPACKING pc=0x00000179eb672b43 sp=0x0000003b93cfce08 mode 0
Event: 11.259 Thread 0x00000179e7f8e580 DEOPT PACKING pc=0x00000179ebfbfc7d sp=0x0000003b93cfd160
Event: 11.259 Thread 0x00000179e7f8e580 DEOPT UNPACKING pc=0x00000179eb672b43 sp=0x0000003b93cfc6c8 mode 3
Event: 11.729 Thread 0x00000179e7f8e580 DEOPT PACKING pc=0x00000179eba04ed2 sp=0x0000003b93cf5a00
Event: 11.729 Thread 0x00000179e7f8e580 DEOPT UNPACKING pc=0x00000179eb672b43 sp=0x0000003b93cf4f08 mode 3
Event: 12.156 Thread 0x00000179e7f8e580 DEOPT PACKING pc=0x00000179ebe3b744 sp=0x0000003b93cfab60
Event: 12.156 Thread 0x00000179e7f8e580 DEOPT UNPACKING pc=0x00000179eb672b43 sp=0x0000003b93cf9ff8 mode 3
Event: 15.356 Thread 0x00000179e7f8e580 DEOPT PACKING pc=0x00000179ebb4ee94 sp=0x0000003b93cfc120
Event: 15.356 Thread 0x00000179e7f8e580 DEOPT UNPACKING pc=0x00000179eb672b43 sp=0x0000003b93cfb678 mode 0
Event: 17.956 Thread 0x00000179e7f8e580 DEOPT PACKING pc=0x00000179ec30522b sp=0x0000003b93cfcb00
Event: 17.956 Thread 0x00000179e7f8e580 DEOPT UNPACKING pc=0x00000179eb672b43 sp=0x0000003b93cfc048 mode 3

Classes unloaded (0 events):
No events

Classes redefined (0 events):
No events

Internal exceptions (20 events):
Event: 18.503 Thread 0x00000179f6179a00 Exception <a 'java/lang/ClassNotFoundException'{0x00000000c82410c0}: org/springframework/context/support/LiveBeansView> (0x00000000c82410c0) 
thrown [e:\jenkins\tmp\workspace\build\src\src\hotspot\share\classfile\systemDictionary.cpp, line 256]
Event: 18.503 Thread 0x00000179f6179a00 Exception <a 'java/lang/ClassNotFoundException'{0x00000000c825af90}: org/springframework/context/support/LiveBeansView> (0x00000000c825af90) 
thrown [e:\jenkins\tmp\workspace\build\src\src\hotspot\share\classfile\systemDictionary.cpp, line 256]
Event: 18.503 Thread 0x00000179f6179a00 Exception <a 'java/lang/ClassNotFoundException'{0x00000000c825b350}: org/springframework/context/support/LiveBeansView> (0x00000000c825b350) 
thrown [e:\jenkins\tmp\workspace\build\src\src\hotspot\share\classfile\systemDictionary.cpp, line 256]
Event: 18.503 Thread 0x00000179f6179a00 Exception <a 'java/lang/ClassNotFoundException'{0x00000000c825b708}: org/springframework/context/support/LiveBeansView> (0x00000000c825b708) 
thrown [e:\jenkins\tmp\workspace\build\src\src\hotspot\share\classfile\systemDictionary.cpp, line 256]
Event: 18.503 Thread 0x00000179f6179a00 Exception <a 'java/lang/ClassNotFoundException'{0x00000000c825bab8}: org/springframework/context/support/LiveBeansView> (0x00000000c825bab8) 
thrown [e:\jenkins\tmp\workspace\build\src\src\hotspot\share\classfile\systemDictionary.cpp, line 256]
Event: 18.503 Thread 0x00000179f6179a00 Exception <a 'java/lang/ClassNotFoundException'{0x00000000c82662f8}: org/springframework/context/support/LiveBeansView> (0x00000000c82662f8) 
thrown [e:\jenkins\tmp\workspace\build\src\src\hotspot\share\classfile\systemDictionary.cpp, line 256]
Event: 18.503 Thread 0x00000179f6179a00 Exception <a 'java/lang/ClassNotFoundException'{0x00000000c82666b8}: org/springframework/context/support/LiveBeansView> (0x00000000c82666b8) 
thrown [e:\jenkins\tmp\workspace\build\src\src\hotspot\share\classfile\systemDictionary.cpp, line 256]
Event: 18.503 Thread 0x00000179f6179a00 Exception <a 'java/lang/ClassNotFoundException'{0x00000000c8266a60}: org/springframework/context/support/LiveBeansView> (0x00000000c8266a60) 
thrown [e:\jenkins\tmp\workspace\build\src\src\hotspot\share\classfile\systemDictionary.cpp, line 256]
Event: 18.503 Thread 0x00000179f6179a00 Exception <a 'java/lang/ClassNotFoundException'{0x00000000c8266e20}: org/springframework/context/support/LiveBeansView> (0x00000000c8266e20) 
thrown [e:\jenkins\tmp\workspace\build\src\src\hotspot\share\classfile\systemDictionary.cpp, line 256]
Event: 18.503 Thread 0x00000179f6179a00 Exception <a 'java/lang/ClassNotFoundException'{0x00000000c827ea78}: org/springframework/context/support/LiveBeansView> (0x00000000c827ea78) 
thrown [e:\jenkins\tmp\workspace\build\src\src\hotspot\share\classfile\systemDictionary.cpp, line 256]
Event: 18.503 Thread 0x00000179f6179a00 Exception <a 'java/lang/ClassNotFoundException'{0x00000000c827ee28}: org/springframework/context/support/LiveBeansView> (0x00000000c827ee28) 
thrown [e:\jenkins\tmp\workspace\build\src\src\hotspot\share\classfile\systemDictionary.cpp, line 256]
Event: 18.503 Thread 0x00000179f6179a00 Exception <a 'java/lang/ClassNotFoundException'{0x00000000c827f1d8}: org/springframework/context/support/LiveBeansView> (0x00000000c827f1d8) 
thrown [e:\jenkins\tmp\workspace\build\src\src\hotspot\share\classfile\systemDictionary.cpp, line 256]
Event: 18.503 Thread 0x00000179f6179a00 Exception <a 'java/lang/ClassNotFoundException'{0x00000000c827f598}: org/springframework/context/support/LiveBeansView> (0x00000000c827f598) 
thrown [e:\jenkins\tmp\workspace\build\src\src\hotspot\share\classfile\systemDictionary.cpp, line 256]
Event: 18.503 Thread 0x00000179f6179a00 Exception <a 'java/lang/ClassNotFoundException'{0x00000000c8289d70}: org/springframework/context/support/LiveBeansView> (0x00000000c8289d70) 
thrown [e:\jenkins\tmp\workspace\build\src\src\hotspot\share\classfile\systemDictionary.cpp, line 256]
Event: 18.503 Thread 0x00000179f6179a00 Exception <a 'java/lang/ClassNotFoundException'{0x00000000c828a110}: org/springframework/context/support/LiveBeansView> (0x00000000c828a110) 
thrown [e:\jenkins\tmp\workspace\build\src\src\hotspot\share\classfile\systemDictionary.cpp, line 256]
Event: 18.503 Thread 0x00000179f6179a00 Exception <a 'java/lang/ClassNotFoundException'{0x00000000c828a4c8}: org/springframework/context/support/LiveBeansView> (0x00000000c828a4c8) 
thrown [e:\jenkins\tmp\workspace\build\src\src\hotspot\share\classfile\systemDictionary.cpp, line 256]
Event: 18.503 Thread 0x00000179f6179a00 Exception <a 'java/lang/ClassNotFoundException'{0x00000000c828a870}: org/springframework/context/support/LiveBeansView> (0x00000000c828a870) 
thrown [e:\jenkins\tmp\workspace\build\src\src\hotspot\share\classfile\systemDictionary.cpp, line 256]
Event: 18.508 Thread 0x00000179f6179a00 Exception <a 'java/lang/ClassNotFoundException'{0x00000000c8163fb0}: org/springframework/context/support/LiveBeansView> (0x00000000c8163fb0) 
thrown [e:\jenkins\tmp\workspace\build\src\src\hotspot\share\classfile\systemDictionary.cpp, line 256]
Event: 18.508 Thread 0x00000179f6179a00 Exception <a 'java/lang/ClassNotFoundException'{0x00000000c8164360}: org/springframework/context/support/LiveBeansView> (0x00000000c8164360) 
thrown [e:\jenkins\tmp\workspace\build\src\src\hotspot\share\classfile\systemDictionary.cpp, line 256]
Event: 18.508 Thread 0x00000179f6179a00 Exception <a 'java/lang/ClassNotFoundException'{0x00000000c8164710}: org/springframework/context/support/LiveBeansView> (0x00000000c8164710) 
thrown [e:\jenkins\tmp\workspace\build\src\src\hotspot\share\classfile\systemDictionary.cpp, line 256]

VM Operations (20 events):
Event: 18.536 Executing VM operation: ICBufferFull done
Event: 18.536 Executing VM operation: ICBufferFull
Event: 18.537 Executing VM operation: ICBufferFull done
Event: 18.537 Executing VM operation: ICBufferFull
Event: 18.539 Executing VM operation: ICBufferFull done
Event: 18.539 Executing VM operation: ICBufferFull
Event: 18.539 Executing VM operation: ICBufferFull done
Event: 18.539 Executing VM operation: ICBufferFull
Event: 18.539 Executing VM operation: ICBufferFull done
Event: 18.539 Executing VM operation: ICBufferFull
Event: 18.539 Executing VM operation: ICBufferFull done
Event: 18.539 Executing VM operation: ICBufferFull
Event: 18.540 Executing VM operation: ICBufferFull done
Event: 18.540 Executing VM operation: ICBufferFull
Event: 18.540 Executing VM operation: ICBufferFull done
Event: 18.540 Executing VM operation: ICBufferFull
Event: 18.541 Executing VM operation: ICBufferFull done
Event: 18.542 Executing VM operation: ICBufferFull
Event: 18.542 Executing VM operation: ICBufferFull done
Event: 18.543 Executing VM operation: G1CollectForAllocation

Events (20 events):
Event: 18.343 loading class java/io/RandomAccessFile$1
Event: 18.343 loading class java/io/RandomAccessFile$1 done
Event: 18.453 Thread 0x00000179f87c3570 Thread added: 0x00000179f87c3570
Event: 18.454 Thread 0x00000179f87c2bd0 Thread added: 0x00000179f87c2bd0
Event: 18.454 Thread 0x00000179f87c43e0 Thread added: 0x00000179f87c43e0
Event: 18.454 Thread 0x00000179f87c7400 Thread added: 0x00000179f87c7400
Event: 18.454 Thread 0x00000179f87c6590 Thread added: 0x00000179f87c6590
Event: 18.454 Thread 0x00000179f87c5bf0 Thread added: 0x00000179f87c5bf0
Event: 18.454 Thread 0x00000179f87c1890 Thread added: 0x00000179f87c1890
Event: 18.454 Thread 0x00000179f87c30a0 Thread added: 0x00000179f87c30a0
Event: 18.454 Thread 0x00000179f87c5250 Thread added: 0x00000179f87c5250
Event: 18.454 Thread 0x00000179f87c0550 Thread added: 0x00000179f87c0550
Event: 18.454 Thread 0x00000179f87c0a20 Thread added: 0x00000179f87c0a20
Event: 18.454 Thread 0x00000179f87c3a40 Thread added: 0x00000179f87c3a40
Event: 18.455 Thread 0x00000179f87c3f10 Thread added: 0x00000179f87c3f10
Event: 18.455 Thread 0x00000179f87c48b0 Thread added: 0x00000179f87c48b0
Event: 18.510 loading class javax/management/remote/rmi/RMIConnectionImpl$7
Event: 18.510 loading class javax/management/remote/rmi/RMIConnectionImpl$7 done
Event: 18.510 loading class com/sun/jmx/remote/util/OrderClassLoaders
Event: 18.510 loading class com/sun/jmx/remote/util/OrderClassLoaders done


Dynamic libraries:
0x00007ff745ed0000 - 0x00007ff745ede000 	C:\Users\ranji\Downloads\sts-4.14.1.RELEASE\plugins\org.eclipse.justj.openjdk.hotspot.jre.full.win32.x86_64_17.0.2.v20220201-1208\jre\bin\javaw.exe
0x00007ff81f6f0000 - 0x00007ff81f907000 	C:\WINDOWS\SYSTEM32\ntdll.dll
0x00007ff81f360000 - 0x00007ff81f424000 	C:\WINDOWS\System32\KERNEL32.DLL
0x00007ff81ce50000 - 0x00007ff81d1f6000 	C:\WINDOWS\System32\KERNELBASE.dll
0x00007ff81d320000 - 0x00007ff81d431000 	C:\WINDOWS\System32\ucrtbase.dll
0x00007ff816d40000 - 0x00007ff816d58000 	C:\Users\ranji\Downloads\sts-4.14.1.RELEASE\plugins\org.eclipse.justj.openjdk.hotspot.jre.full.win32.x86_64_17.0.2.v20220201-1208\jre\bin\jli.dll
0x00007ff80e7f0000 - 0x00007ff80e809000 	C:\Users\ranji\Downloads\sts-4.14.1.RELEASE\plugins\org.eclipse.justj.openjdk.hotspot.jre.full.win32.x86_64_17.0.2.v20220201-1208\jre\bin\VCRUNTIME140.dll
0x00007ff81d440000 - 0x00007ff81d5ee000 	C:\WINDOWS\System32\USER32.dll
0x00007ff81d200000 - 0x00007ff81d226000 	C:\WINDOWS\System32\win32u.dll
0x00007fffff9a0000 - 0x00007fffffc33000 	C:\WINDOWS\WinSxS\amd64_microsoft.windows.common-controls_6595b64144ccf1df_6.0.22621.2506_none_270c5ae97388e100\COMCTL32.dll
0x00007ff81e210000 - 0x00007ff81e239000 	C:\WINDOWS\System32\GDI32.dll
0x00007ff81ead0000 - 0x00007ff81eb77000 	C:\WINDOWS\System32\msvcrt.dll
0x00007ff81cd30000 - 0x00007ff81ce48000 	C:\WINDOWS\System32\gdi32full.dll
0x00007ff81ca30000 - 0x00007ff81caca000 	C:\WINDOWS\System32\msvcp_win.dll
0x00007ff81e1d0000 - 0x00007ff81e201000 	C:\WINDOWS\System32\IMM32.DLL
0x00007ff817b00000 - 0x00007ff817b0c000 	C:\Users\ranji\Downloads\sts-4.14.1.RELEASE\plugins\org.eclipse.justj.openjdk.hotspot.jre.full.win32.x86_64_17.0.2.v20220201-1208\jre\bin\vcruntime140_1.dll
0x00007fffedea0000 - 0x00007fffedf31000 	C:\Users\ranji\Downloads\sts-4.14.1.RELEASE\plugins\org.eclipse.justj.openjdk.hotspot.jre.full.win32.x86_64_17.0.2.v20220201-1208\jre\bin\msvcp140.dll
0x00007fffa3ec0000 - 0x00007fffa4b07000 	C:\Users\ranji\Downloads\sts-4.14.1.RELEASE\plugins\org.eclipse.justj.openjdk.hotspot.jre.full.win32.x86_64_17.0.2.v20220201-1208\jre\bin\server\jvm.dll
0x00007ff81f5f0000 - 0x00007ff81f6a3000 	C:\WINDOWS\System32\ADVAPI32.dll
0x00007ff81d670000 - 0x00007ff81d718000 	C:\WINDOWS\System32\sechost.dll
0x00007ff81cd00000 - 0x00007ff81cd28000 	C:\WINDOWS\System32\bcrypt.dll
0x00007ff81dbd0000 - 0x00007ff81dce7000 	C:\WINDOWS\System32\RPCRT4.dll
0x00007ff81f430000 - 0x00007ff81f438000 	C:\WINDOWS\System32\PSAPI.DLL
0x00007ff805ae0000 - 0x00007ff805ae9000 	C:\WINDOWS\SYSTEM32\WSOCK32.dll
0x00007ff81d5f0000 - 0x00007ff81d661000 	C:\WINDOWS\System32\WS2_32.dll
0x00007ff816bd0000 - 0x00007ff816c04000 	C:\WINDOWS\SYSTEM32\WINMM.dll
0x00007ff816830000 - 0x00007ff81683a000 	C:\WINDOWS\SYSTEM32\VERSION.dll
0x00007ff81ba20000 - 0x00007ff81ba38000 	C:\WINDOWS\SYSTEM32\kernel.appcore.dll
0x00007ff817b50000 - 0x00007ff817b5a000 	C:\Users\ranji\Downloads\sts-4.14.1.RELEASE\plugins\org.eclipse.justj.openjdk.hotspot.jre.full.win32.x86_64_17.0.2.v20220201-1208\jre\bin\jimage.dll
0x00007ff81a4c0000 - 0x00007ff81a6f3000 	C:\WINDOWS\SYSTEM32\DBGHELP.DLL
0x00007ff81dcf0000 - 0x00007ff81e079000 	C:\WINDOWS\System32\combase.dll
0x00007ff81da80000 - 0x00007ff81db57000 	C:\WINDOWS\System32\OLEAUT32.dll
0x00007ff810920000 - 0x00007ff810952000 	C:\WINDOWS\SYSTEM32\dbgcore.DLL
0x00007ff81d230000 - 0x00007ff81d2aa000 	C:\WINDOWS\System32\bcryptPrimitives.dll
0x00007ff8100a0000 - 0x00007ff8100c5000 	C:\Users\ranji\Downloads\sts-4.14.1.RELEASE\plugins\org.eclipse.justj.openjdk.hotspot.jre.full.win32.x86_64_17.0.2.v20220201-1208\jre\bin\java.dll
0x00007ff811540000 - 0x00007ff811558000 	C:\Users\ranji\Downloads\sts-4.14.1.RELEASE\plugins\org.eclipse.justj.openjdk.hotspot.jre.full.win32.x86_64_17.0.2.v20220201-1208\jre\bin\zip.dll
0x00007ff81e240000 - 0x00007ff81ea9a000 	C:\WINDOWS\System32\SHELL32.dll
0x00007ff81a930000 - 0x00007ff81b226000 	C:\WINDOWS\SYSTEM32\windows.storage.dll
0x00007ff81a7f0000 - 0x00007ff81a92e000 	C:\WINDOWS\SYSTEM32\wintypes.dll
0x00007ff81f4f0000 - 0x00007ff81f5e3000 	C:\WINDOWS\System32\SHCORE.dll
0x00007ff81f260000 - 0x00007ff81f2be000 	C:\WINDOWS\System32\shlwapi.dll
0x00007ff81c960000 - 0x00007ff81c986000 	C:\WINDOWS\SYSTEM32\profapi.dll
0x00007ff80e9b0000 - 0x00007ff80e9c9000 	C:\Users\ranji\Downloads\sts-4.14.1.RELEASE\plugins\org.eclipse.justj.openjdk.hotspot.jre.full.win32.x86_64_17.0.2.v20220201-1208\jre\bin\net.dll
0x00007ff816e40000 - 0x00007ff816f77000 	C:\WINDOWS\SYSTEM32\WINHTTP.dll
0x00007ff81bea0000 - 0x00007ff81bf09000 	C:\WINDOWS\system32\mswsock.dll
0x00007ff80e860000 - 0x00007ff80e875000 	C:\Users\ranji\Downloads\sts-4.14.1.RELEASE\plugins\org.eclipse.justj.openjdk.hotspot.jre.full.win32.x86_64_17.0.2.v20220201-1208\jre\bin\nio.dll
0x00007ff8105d0000 - 0x00007ff8105d9000 	C:\Users\ranji\Downloads\sts-4.14.1.RELEASE\plugins\org.eclipse.justj.openjdk.hotspot.jre.full.win32.x86_64_17.0.2.v20220201-1208\jre\bin\management.dll
0x00007ff80e850000 - 0x00007ff80e85b000 	C:\Users\ranji\Downloads\sts-4.14.1.RELEASE\plugins\org.eclipse.justj.openjdk.hotspot.jre.full.win32.x86_64_17.0.2.v20220201-1208\jre\bin\management_ext.dll
0x00007ff800640000 - 0x00007ff800657000 	C:\WINDOWS\system32\napinsp.dll
0x00007ff800620000 - 0x00007ff80063b000 	C:\WINDOWS\system32\pnrpnsp.dll
0x00007ff81b500000 - 0x00007ff81b5f9000 	C:\WINDOWS\SYSTEM32\DNSAPI.dll
0x00007ff81b490000 - 0x00007ff81b4bd000 	C:\WINDOWS\SYSTEM32\IPHLPAPI.DLL
0x00007ff81eac0000 - 0x00007ff81eac9000 	C:\WINDOWS\System32\NSI.dll
0x00007ff800010000 - 0x00007ff800021000 	C:\WINDOWS\System32\winrnr.dll
0x00007ffffffd0000 - 0x00007ffffffe5000 	C:\WINDOWS\system32\wshbth.dll
0x00007ffffffa0000 - 0x00007ffffffc1000 	C:\WINDOWS\system32\nlansp_c.dll
0x00007ff80e6a0000 - 0x00007ff80e6aa000 	C:\Windows\System32\rasadhlp.dll
0x00007ff8161a0000 - 0x00007ff816223000 	C:\WINDOWS\System32\fwpuclnt.dll
0x00007ff81c110000 - 0x00007ff81c12b000 	C:\WINDOWS\SYSTEM32\CRYPTSP.dll
0x00007ff81b980000 - 0x00007ff81b9b5000 	C:\WINDOWS\system32\rsaenh.dll
0x00007ff81bf70000 - 0x00007ff81bf9c000 	C:\WINDOWS\SYSTEM32\USERENV.dll
0x00007ff81c130000 - 0x00007ff81c13c000 	C:\WINDOWS\SYSTEM32\CRYPTBASE.dll
0x00007ff816e20000 - 0x00007ff816e39000 	C:\WINDOWS\SYSTEM32\dhcpcsvc6.DLL
0x00007ff816e00000 - 0x00007ff816e1f000 	C:\WINDOWS\SYSTEM32\dhcpcsvc.DLL
0x00007ff817b30000 - 0x00007ff817b40000 	C:\Users\ranji\Downloads\sts-4.14.1.RELEASE\plugins\org.eclipse.justj.openjdk.hotspot.jre.full.win32.x86_64_17.0.2.v20220201-1208\jre\bin\verify.dll
0x00007ff817960000 - 0x00007ff81796e000 	C:\Users\ranji\Downloads\sts-4.14.1.RELEASE\plugins\org.eclipse.justj.openjdk.hotspot.jre.full.win32.x86_64_17.0.2.v20220201-1208\jre\bin\sunmscapi.dll
0x00007ff81cb90000 - 0x00007ff81ccf6000 	C:\WINDOWS\System32\CRYPT32.dll
0x00007ff81c2f0000 - 0x00007ff81c31e000 	C:\WINDOWS\SYSTEM32\ncrypt.dll
0x00007ff81c2b0000 - 0x00007ff81c2e7000 	C:\WINDOWS\SYSTEM32\NTASN1.dll

dbghelp: loaded successfully - version: 4.0.5 - missing functions: none
symbol engine: initialized successfully - sym options: 0x614 - pdb path: .;C:\Users\ranji\Downloads\sts-4.14.1.RELEASE\plugins\org.eclipse.justj.openjdk.hotspot.jre.full.win32.x86_64_17.0.2.v20220201-1208\jre\bin;C:\WINDOWS\SYSTEM32;C:\WINDOWS\WinSxS\amd64_microsoft.windows.common-controls_6595b64144ccf1df_6.0.22621.2506_none_270c5ae97388e100;C:\Users\ranji\Downloads\sts-4.14.1.RELEASE\plugins\org.eclipse.justj.openjdk.hotspot.jre.full.win32.x86_64_17.0.2.v20220201-1208\jre\bin\server

VM Arguments:
jvm_args: -Dcom.sun.management.jmxremote -Dcom.sun.management.jmxremote.port=51280 -Dcom.sun.management.jmxremote.authenticate=false -Dcom.sun.management.jmxremote.ssl=false -Djava.rmi.server.hostname=localhost -Dspring.jmx.enabled=true -Dspring.application.admin.enabled=true -XX:TieredStopAtLevel=1 -Dspring.boot.project.name=JobMicroservice -Dfile.encoding=UTF-8 -XX:+ShowCodeDetailsInExceptionMessages 
java_command: com.ranjith.JobMicroserviceApplication --spring.output.ansi.enabled=always
java_class_path (initial): C:\Users\ranji\OneDrive\Desktop\JobApplication\JobMicroservice\target\classes;C:\Users\ranji\.m2\repository\org\springframework\boot\spring-boot-starter-actuator\3.1.2\spring-boot-starter-actuator-3.1.2.jar;C:\Users\ranji\.m2\repository\org\springframework\boot\spring-boot-actuator-autoconfigure\3.1.2\spring-boot-actuator-autoconfigure-3.1.2.jar;C:\Users\ranji\.m2\repository\org\springframework\boot\spring-boot-actuator\3.1.2\spring-boot-actuator-3.1.2.jar;C:\Users\ranji\.m2\repository\com\fasterxml\jackson\datatype\jackson-datatype-jsr310\2.15.2\jackson-datatype-jsr310-2.15.2.jar;C:\Users\ranji\.m2\repository\io\micrometer\micrometer-observation\1.11.2\micrometer-observation-1.11.2.jar;C:\Users\ranji\.m2\repository\io\micrometer\micrometer-commons\1.11.2\micrometer-commons-1.11.2.jar;C:\Users\ranji\.m2\repository\io\micrometer\micrometer-core\1.11.2\micrometer-core-1.11.2.jar;C:\Users\ranji\.m2\repository\org\hdrhistogram\HdrHistogram\2.1.12\HdrHistogram-2.1.12.jar;C:\Users\ranji\.m2\repository\org\latencyutils\LatencyUtils\2.0.3\LatencyUtils-2.0.3.jar;C:\Users\ranji\.m2\repository\org\springframework\cloud\spring-cloud-starter-config\4.0.4\spring-cloud-starter-config-4.0.4.jar;C:\Users\ranji\.m2\repository\org\springframework\cloud\spring-cloud-starter\4.0.4\spring-cloud-starter-4.0.4.jar;C:\Users\ranji\.m2\repository\org\springframework\cloud\spring-cloud-context\4.0.4\spring-cloud-context-4.0.4.jar;C:\Users\ranji\.m2\repository\org\springframework\security\spring-security-rsa\1.0.12.RELEASE\spring-security-rsa-1.0.12.RELEASE.jar;C:\Users\ranji\.m2\repository\org\bouncycastle\bcpkix-jdk18on\1.73\bcpkix-jdk18on-1.73.jar;C:\Users\ranji\.m2\repository\org\bouncycastle\bcprov-jdk18on\1.73\bcprov-jdk18on-1.73.jar;C:\Users\ranji\.m2\repository\org\bouncycastle\bcutil-jdk18on\1.73\bcutil-jdk18on-1.73.jar;C:\Users\ranji\.m2\repository\org\springframework\cloud\spring-cloud-config-client\4.0.4\spring-cloud-config-client-4.0.4.jar;C:\Users\ranj
Launcher Type: SUN_STANDARD

[Global flags]
     intx CICompilerCount                          = 4                                         {product} {ergonomic}
     uint ConcGCThreads                            = 2                                         {product} {ergonomic}
     uint G1ConcRefinementThreads                  = 8                                         {product} {ergonomic}
   size_t G1HeapRegionSize                         = 1048576                                   {product} {ergonomic}
    uintx GCDrainStackTargetSize                   = 64                                        {product} {ergonomic}
   size_t InitialHeapSize                          = 67108864                                  {product} {ergonomic}
     bool ManagementServer                         = true                                      {product} {command line}
   size_t MarkStackSize                            = 4194304                                   {product} {ergonomic}
   size_t MaxHeapSize                              = 1044381696                                {product} {ergonomic}
   size_t MaxNewSize                               = 625999872                                 {product} {ergonomic}
   size_t MinHeapDeltaBytes                        = 1048576                                   {product} {ergonomic}
   size_t MinHeapSize                              = 8388608                                   {product} {ergonomic}
    uintx NonProfiledCodeHeapSize                  = 0                                      {pd product} {ergonomic}
     bool ProfileInterpreter                       = false                                  {pd product} {command line}
    uintx ProfiledCodeHeapSize                     = 0                                      {pd product} {ergonomic}
     bool ShowCodeDetailsInExceptionMessages       = true                                   {manageable} {command line}
   size_t SoftMaxHeapSize                          = 1044381696                             {manageable} {ergonomic}
     intx TieredStopAtLevel                        = 1                                         {product} {command line}
     bool UseCompressedClassPointers               = true                           {product lp64_product} {ergonomic}
     bool UseCompressedOops                        = true                           {product lp64_product} {ergonomic}
     bool UseG1GC                                  = true                                      {product} {ergonomic}
     bool UseLargePagesIndividualAllocation        = false                                  {pd product} {ergonomic}

Logging:
Log output configuration:
 #0: stdout all=warning uptime,level,tags
 #1: stderr all=off uptime,level,tags

Environment Variables:
JAVA_HOME=C:\Program Files\Java\jdk-11
PATH=C:/Users/ranji/Downloads/sts-4.14.1.RELEASE//plugins/org.eclipse.justj.openjdk.hotspot.jre.full.win32.x86_64_17.0.2.v20220201-1208/jre/bin/server;C:/Users/ranji/Downloads/sts-4.14.1.RELEASE//plugins/org.eclipse.justj.openjdk.hotspot.jre.full.win32.x86_64_17.0.2.v20220201-1208/jre/bin;C:\Program Files (x86)\Common Files\Oracle\Java\javapath;D:\JRTP\JRTP_Coding\apache-maven-3.9.2\bin;C:\Program Files\Common Files\Oracle\Java\javapath;C:\WINDOWS\system32;C:\WINDOWS;C:\WINDOWS\System32\Wbem;C:\WINDOWS\System32\WindowsPowerShell\v1.0\;C:\WINDOWS\System32\OpenSSH\;C:\Program Files\Docker\Docker\resources\bin;C:\ProgramData\DockerDesktop\version-bin;C:\Program Files\Git\cmd;C:\Program Files\Microsoft SQL Server\150\Tools\Binn\;C:\Program Files\MySQL\MySQL Shell 8.0\bin\;C:\Users\ranji\AppData\Local\Microsoft\WindowsApps;;C:\Users\ranji\AppData\Local\Programs\Microsoft VS Code\bin;C:\Users\ranji\Downloads\sts-4.14.1.RELEASE;
USERNAME=ranji
OS=Windows_NT
PROCESSOR_IDENTIFIER=Intel64 Family 6 Model 142 Stepping 12, GenuineIntel



---------------  S Y S T E M  ---------------

OS:
 Windows 11 , 64 bit Build 22621 (10.0.22621.2506)
OS uptime: 14 days 12:01 hours
Hyper-V role detected

CPU: total 8 (initial active 8) (4 cores per cpu, 2 threads per core) family 6 model 142 stepping 12 microcode 0xde, cx8, cmov, fxsr, ht, mmx, 3dnowpref, sse, sse2, sse3, ssse3, sse4.1, sse4.2, popcnt, lzcnt, tsc, tscinvbit, avx, avx2, aes, erms, clmul, bmi1, bmi2, adx, fma, vzeroupper, clflush, clflushopt, hv

Memory: 4k page, system-wide physical 3982M (303M free)
TotalPageFile size 16270M (AvailPageFile size 110M)
current process WorkingSet (physical memory assigned to process): 278M, peak: 278M
current process commit charge ("private bytes"): 330M, peak: 560M

vm_info: OpenJDK 64-Bit Server VM (17.0.2+8) for windows-amd64 JRE (17.0.2+8), built on Jan 20 2022 04:52:34 by "" with MS VC++ 16.7 (VS2019)

END.
